10:43:01.366 [main] INFO  My logger - –§–∞–∏–ª: file.csv 
10:43:01.394 [main] INFO  My logger - –ö–æ–ª–ª–µ–∫—Ü–∏—è —É—Å–ø–µ—à–Ω–æ —Å—á–∏—Ç–∞–Ω–∞ 
10:43:01.416 [main] INFO  My logger - –û—Ç–∫—Ä—ã–≤–∞—é —Å–æ–∫–µ—Ç 
10:43:01.436 [main] INFO  My logger - –°–æ–∫–µ—Ç –æ—Ç–∫—Ä—ã—Ç 
10:43:01.436 [main] INFO  My logger - –û–∂–∏–¥–∞—é –≤—Ö–æ–¥—è—â–µ–µ —Å–æ–æ–±—â–µ–Ω–∏–µ 
10:43:28.960 [main] INFO  My logger - –†¬§–†¬∞–†—ë–†¬ª: file.csv 
10:43:29.089 [main] INFO  My logger - –†—ô–†—ï–†¬ª–†¬ª–†¬µ–†—î–°‚Ä†–†—ë–°–è –°—ì–°–É–†—ó–†¬µ–°‚Ç¨–†–Ö–†—ï –°–É–°‚Ä°–†—ë–°‚Äö–†¬∞–†–Ö–†¬∞ 
10:43:29.131 [main] INFO  My logger - –†—õ–°‚Äö–†—î–°–Ç–°‚Äπ–†–Ü–†¬∞–°–ã –°–É–†—ï–†—î–†¬µ–°‚Äö 
10:43:29.141 [main] INFO  My logger - –†–é–†—ï–†—î–†¬µ–°‚Äö –†—ï–°‚Äö–†—î–°–Ç–°‚Äπ–°‚Äö 
10:43:29.141 [main] INFO  My logger - –†—õ–†¬∂–†—ë–†“ë–†¬∞–°–ã –†–Ü–°‚Ä¶–†—ï–†“ë–°–è–°‚Ä∞–†¬µ–†¬µ –°–É–†—ï–†—ï–†¬±–°‚Ä∞–†¬µ–†–Ö–†—ë–†¬µ 
10:49:44.010 [main] INFO  My logger - –§–∞–∏–ª: file.csv 
10:49:44.040 [main] INFO  My logger - –ö–æ–ª–ª–µ–∫—Ü–∏—è —É—Å–ø–µ—à–Ω–æ —Å—á–∏—Ç–∞–Ω–∞ 
10:49:44.065 [main] INFO  My logger - –û—Ç–∫—Ä—ã–≤–∞—é —Å–æ–∫–µ—Ç 
10:49:44.079 [main] INFO  My logger - –°–æ–∫–µ—Ç –æ—Ç–∫—Ä—ã—Ç 
10:49:44.080 [main] INFO  My logger - –û–∂–∏–¥–∞—é –≤—Ö–æ–¥—è—â–µ–µ —Å–æ–æ–±—â–µ–Ω–∏–µ 
10:49:51.562 [main] INFO  My logger - –§–∞–∏–ª: file.csv 
10:49:51.590 [main] INFO  My logger - –ö–æ–ª–ª–µ–∫—Ü–∏—è —É—Å–ø–µ—à–Ω–æ —Å—á–∏—Ç–∞–Ω–∞ 
10:49:51.614 [main] INFO  My logger - –û—Ç–∫—Ä—ã–≤–∞—é —Å–æ–∫–µ—Ç 
10:49:51.628 [main] INFO  My logger - –°–æ–∫–µ—Ç –æ—Ç–∫—Ä—ã—Ç 
10:49:51.629 [main] INFO  My logger - –û–∂–∏–¥–∞—é –≤—Ö–æ–¥—è—â–µ–µ —Å–æ–æ–±—â–µ–Ω–∏–µ 
10:52:38.714 [main] INFO  My logger - –§–∞–∏–ª: file.csv 
10:52:38.863 [main] INFO  My logger - –ö–æ–ª–ª–µ–∫—Ü–∏—è —É—Å–ø–µ—à–Ω–æ —Å—á–∏—Ç–∞–Ω–∞ 
10:52:38.885 [main] INFO  My logger - –û—Ç–∫—Ä—ã–≤–∞—é —Å–æ–∫–µ—Ç 
10:52:38.895 [main] INFO  My logger - –°–æ–∫–µ—Ç –æ—Ç–∫—Ä—ã—Ç 
10:52:38.895 [main] INFO  My logger - –û–∂–∏–¥–∞—é –≤—Ö–æ–¥—è—â–µ–µ —Å–æ–æ–±—â–µ–Ω–∏–µ 
11:42:06.311 [main] INFO  My logger - –§–∞–∏–ª: file.csv 
11:42:06.481 [main] INFO  My logger - –ö–æ–ª–ª–µ–∫—Ü–∏—è —É—Å–ø–µ—à–Ω–æ —Å—á–∏—Ç–∞–Ω–∞ 
11:42:06.512 [main] INFO  My logger - –û—Ç–∫—Ä—ã–≤–∞—é —Å–æ–∫–µ—Ç 
11:42:06.518 [main] INFO  My logger - –°–æ–∫–µ—Ç –æ—Ç–∫—Ä—ã—Ç 
11:42:06.518 [main] INFO  My logger - –û–∂–∏–¥–∞—é –≤—Ö–æ–¥—è—â–µ–µ —Å–æ–æ–±—â–µ–Ω–∏–µ 
11:42:14.401 [Thread-0] INFO  My logger - –í—ã–∑—ã–≤–∞–µ—Ç—Å—è –∫–æ–º–∞–Ω–¥–∞ save 
11:42:14.401 [Thread-0] INFO  My logger - –£—Å–ø–µ—à–Ω–æ –∑–∞–ø–∏—Å–∞–Ω–æ 
11:43:07.451 [main] INFO  My logger - –ù–∞—á–∏–Ω–∞—é –æ—Ç–ø—Ä–∞–≤–∫—É –æ—Ç–≤–µ—Ç–∞ 
11:43:07.452 [main] INFO  My logger - –ù–∞—á–∏–Ω–∞—é —Å–µ—Ä–∏–∞–ª–∏–∑–∞—Ü–∏—é 
11:43:07.457 [main] INFO  My logger - –°–µ—Ä–µ–∞–ª–∏–∑–∏—Ä–æ–≤–∞–ª 
11:43:07.458 [main] INFO  My logger - –û—Ç–ø—Ä–∞–≤–ª–µ–Ω–æ 
11:43:07.458 [main] INFO  My logger - –û–∂–∏–¥–∞—é –≤—Ö–æ–¥—è—â–µ–µ —Å–æ–æ–±—â–µ–Ω–∏–µ 
11:43:12.428 [main] INFO  My logger - –í—ã–∑—ã–≤–∞–µ—Ç—Å—è –∫–æ–º–∞–Ω–¥–∞  
11:43:12.428 [main] INFO  My logger - –ù–∞—á–∏–Ω–∞—é –æ—Ç–ø—Ä–∞–≤–∫—É –æ—Ç–≤–µ—Ç–∞ 
11:43:12.428 [main] INFO  My logger - –ù–∞—á–∏–Ω–∞—é —Å–µ—Ä–∏–∞–ª–∏–∑–∞—Ü–∏—é 
11:43:12.429 [main] INFO  My logger - –°–µ—Ä–µ–∞–ª–∏–∑–∏—Ä–æ–≤–∞–ª 
11:43:12.429 [main] INFO  My logger - –û—Ç–ø—Ä–∞–≤–ª–µ–Ω–æ 
11:43:12.429 [main] INFO  My logger - –û–∂–∏–¥–∞—é –≤—Ö–æ–¥—è—â–µ–µ —Å–æ–æ–±—â–µ–Ω–∏–µ 
11:44:46.054 [main] INFO  My logger - –ù–∞—á–∏–Ω–∞—é –æ—Ç–ø—Ä–∞–≤–∫—É –æ—Ç–≤–µ—Ç–∞ 
11:44:46.054 [main] INFO  My logger - –ù–∞—á–∏–Ω–∞—é —Å–µ—Ä–∏–∞–ª–∏–∑–∞—Ü–∏—é 
11:44:46.061 [main] INFO  My logger - –°–µ—Ä–µ–∞–ª–∏–∑–∏—Ä–æ–≤–∞–ª 
11:44:46.061 [main] INFO  My logger - –û—Ç–ø—Ä–∞–≤–ª–µ–Ω–æ 
11:44:46.061 [main] INFO  My logger - –û–∂–∏–¥–∞—é –≤—Ö–æ–¥—è—â–µ–µ —Å–æ–æ–±—â–µ–Ω–∏–µ 
12:47:07.589 [main] INFO  My logger - –§–∞–∏–ª: file.csv 
12:47:07.900 [main] INFO  My logger - –ö–æ–ª–ª–µ–∫—Ü–∏—è —É—Å–ø–µ—à–Ω–æ —Å—á–∏—Ç–∞–Ω–∞ 
12:47:08.267 [main] INFO  My logger - –û—Ç–∫—Ä—ã–≤–∞—é —Å–æ–∫–µ—Ç 
12:47:08.277 [main] INFO  My logger - –°–æ–∫–µ—Ç –æ—Ç–∫—Ä—ã—Ç 
12:47:08.277 [main] INFO  My logger - –û–∂–∏–¥–∞—é –≤—Ö–æ–¥—è—â–µ–µ —Å–æ–æ–±—â–µ–Ω–∏–µ 
12:47:23.091 [main] INFO  My logger - –í—ã–∑—ã–≤–∞–µ—Ç—Å—è –∫–æ–º–∞–Ω–¥–∞ show 
12:47:23.100 [main] INFO  My logger - –ù–∞—á–∏–Ω–∞—é –æ—Ç–ø—Ä–∞–≤–∫—É –æ—Ç–≤–µ—Ç–∞ 
12:47:23.101 [main] INFO  My logger - –ù–∞—á–∏–Ω–∞—é —Å–µ—Ä–∏–∞–ª–∏–∑–∞—Ü–∏—é 
12:47:23.108 [main] INFO  My logger - –°–µ—Ä–µ–∞–ª–∏–∑–∏—Ä–æ–≤–∞–ª 
12:47:23.109 [main] INFO  My logger - –û—Ç–ø—Ä–∞–≤–ª–µ–Ω–æ 
12:47:23.110 [main] INFO  My logger - –û–∂–∏–¥–∞—é –≤—Ö–æ–¥—è—â–µ–µ —Å–æ–æ–±—â–µ–Ω–∏–µ 
19:27:18.041 [main] ERROR My logger - –ü—Ä–æ–∏–∑–æ—à–ª–∞ –æ—à–∏–±–∫–∞ –ø—Ä–∏ –ø–æ–¥–∫–ª—é—á–µ–Ω–∏–∏ –∫ –±–∞–∑–µ –¥–∞–Ω–Ω—ã—Ö! 
19:27:18.057 [main] ERROR My logger - –°–æ–µ–¥–∏–Ω–µ–Ω–∏–µ —Å –±–∞–∑–æ–π –¥–∞–Ω–Ω—ã—Ö –Ω–µ —É—Å—Ç–∞–Ω–æ–≤–ª–µ–Ω–æ! 
19:28:00.419 [main] ERROR My logger - –ü—Ä–æ–∏–∑–æ—à–ª–∞ –æ—à–∏–±–∫–∞ –ø—Ä–∏ –ø–æ–¥–∫–ª—é—á–µ–Ω–∏–∏ –∫ –±–∞–∑–µ –¥–∞–Ω–Ω—ã—Ö! 
19:28:00.433 [main] ERROR My logger - –°–æ–µ–¥–∏–Ω–µ–Ω–∏–µ —Å –±–∞–∑–æ–π –¥–∞–Ω–Ω—ã—Ö –Ω–µ —É—Å—Ç–∞–Ω–æ–≤–ª–µ–Ω–æ! 
19:28:32.928 [main] ERROR My logger - –ü—Ä–æ–∏–∑–æ—à–ª–∞ –æ—à–∏–±–∫–∞ –ø—Ä–∏ –ø–æ–¥–∫–ª—é—á–µ–Ω–∏–∏ –∫ –±–∞–∑–µ –¥–∞–Ω–Ω—ã—Ö! 
19:28:32.936 [main] ERROR My logger - –°–æ–µ–¥–∏–Ω–µ–Ω–∏–µ —Å –±–∞–∑–æ–π –¥–∞–Ω–Ω—ã—Ö –Ω–µ —É—Å—Ç–∞–Ω–æ–≤–ª–µ–Ω–æ! 
18:33:16.767 [main] ERROR My logger - –ù–µ–∫–æ—Ä—Ä–µ–∫—Ç–Ω—ã–π ssh-—Ö–æ—Å—Ç. 
18:33:16.830 [main] INFO  My logger - –£—Å—Ç–∞–Ω–∞–≤–ª–∏–≤–∞–µ—Ç—Å—è ssh –ø–æ–¥–∫–ª—é—á–µ–Ω–∏–µ –∫ se.ifmo.ru : 2222 
18:33:16.861 [main] ERROR My logger - –û—à–∏–±–∫–∞ –ø–æ–¥–∫–ª—é—á–µ–Ω–∏—è —á–µ—Ä–µ–∑ ssh-—Ç—É–Ω–Ω–µ–ª—å. 
18:34:15.009 [main] INFO  My logger - –£—Å—Ç–∞–Ω–∞–≤–ª–∏–≤–∞–µ—Ç—Å—è ssh –ø–æ–¥–∫–ª—é—á–µ–Ω–∏–µ –∫ se.ifmo.ru : 2222 
18:34:16.134 [main] INFO  My logger - –ü–æ–¥–∫–ª—é—á–µ–Ω–∏–µ —É—Å—Ç–∞–Ω–æ–≤–ª–µ–Ω–æ. 
18:34:16.149 [main] INFO  My logger - localhost:8594 -> pg:5432 
18:34:18.493 [main] ERROR My logger - –ü—Ä–æ–∏–∑–æ—à–ª–∞ –æ—à–∏–±–∫–∞ –ø—Ä–∏ –ø–æ–¥–∫–ª—é—á–µ–Ω–∏–∏ –∫ –±–∞–∑–µ –¥–∞–Ω–Ω—ã—Ö! 
18:34:18.493 [main] ERROR My logger - –°–æ–µ–¥–∏–Ω–µ–Ω–∏–µ —Å –±–∞–∑–æ–π –¥–∞–Ω–Ω—ã—Ö –Ω–µ —É—Å—Ç–∞–Ω–æ–≤–ª–µ–Ω–æ! 
18:35:59.441 [main] INFO  My logger - –£—Å—Ç–∞–Ω–∞–≤–ª–∏–≤–∞–µ—Ç—Å—è ssh –ø–æ–¥–∫–ª—é—á–µ–Ω–∏–µ –∫ se.ifmo.ru : 2222 
18:35:59.941 [main] INFO  My logger - –ü–æ–¥–∫–ª—é—á–µ–Ω–∏–µ —É—Å—Ç–∞–Ω–æ–≤–ª–µ–Ω–æ. 
18:35:59.956 [main] INFO  My logger - localhost:8594 -> pg:5432 
18:36:02.284 [main] ERROR My logger - –ü—Ä–æ–∏–∑–æ—à–ª–∞ –æ—à–∏–±–∫–∞ –ø—Ä–∏ –ø–æ–¥–∫–ª—é—á–µ–Ω–∏–∏ –∫ –±–∞–∑–µ –¥–∞–Ω–Ω—ã—Ö! 
18:36:02.300 [main] ERROR My logger - –°–æ–µ–¥–∏–Ω–µ–Ω–∏–µ —Å –±–∞–∑–æ–π –¥–∞–Ω–Ω—ã—Ö –Ω–µ —É—Å—Ç–∞–Ω–æ–≤–ª–µ–Ω–æ! 
18:37:57.780 [main] INFO  My logger - –£—Å—Ç–∞–Ω–∞–≤–ª–∏–≤–∞–µ—Ç—Å—è ssh –ø–æ–¥–∫–ª—é—á–µ–Ω–∏–µ –∫ se.ifmo.ru : 2222 
18:37:58.696 [main] INFO  My logger - –ü–æ–¥–∫–ª—é—á–µ–Ω–∏–µ —É—Å—Ç–∞–Ω–æ–≤–ª–µ–Ω–æ. 
18:37:58.704 [main] INFO  My logger - localhost:8594 -> pg:5432 
18:37:58.878 [main] INFO  My logger - –°–æ–µ–¥–∏–Ω–µ–Ω–∏–µ —Å –±–∞–∑–æ–π –¥–∞–Ω–Ω—ã—Ö —É—Å—Ç–∞–Ω–æ–≤–ª–µ–Ω–æ. 
18:37:58.898 [main] INFO  My logger - –ü–æ–¥–≥–æ—Ç–æ–≤–ª–µ–Ω SQL –∑–∞–ø—Ä–æ—Å 'SELECT * FROM flat'. 
18:37:58.946 [main] INFO  My logger - –ü–æ–¥–≥–æ—Ç–æ–≤–ª–µ–Ω SQL –∑–∞–ø—Ä–æ—Å 'SELECT * FROM flat WHERE id = ?'. 
18:37:58.948 [main] INFO  My logger - –í—ã–ø–æ–ª–Ω–µ–Ω –∑–∞–ø—Ä–æ—Å SELECT_STUDY_GROUP_BY_ID. 
18:37:58.948 [main] INFO  My logger - –ó–∞–∫—Ä—ã—Ç SQL –∑–∞–ø—Ä–æ—Å 'SELECT * FROM flat WHERE id = 1'. 
18:37:58.956 [main] INFO  My logger - –ü–æ–¥–≥–æ—Ç–æ–≤–ª–µ–Ω SQL –∑–∞–ø—Ä–æ—Å 'SELECT * FROM coordinates WHERE id = ?'. 
18:37:58.958 [main] INFO  My logger - –í—ã–ø–æ–ª–Ω–µ–Ω –∑–∞–ø—Ä–æ—Å SELECT_COORDINATES_BY_ID. 
18:37:58.958 [main] INFO  My logger - –ó–∞–∫—Ä—ã—Ç SQL –∑–∞–ø—Ä–æ—Å 'SELECT * FROM coordinates WHERE id = 2'. 
18:37:58.958 [main] INFO  My logger - –ü–æ–¥–≥–æ—Ç–æ–≤–ª–µ–Ω SQL –∑–∞–ø—Ä–æ—Å 'SELECT * FROM flat WHERE id = ?'. 
18:37:58.966 [main] INFO  My logger - –í—ã–ø–æ–ª–Ω–µ–Ω –∑–∞–ø—Ä–æ—Å SELECT_STUDY_GROUP_BY_ID. 
18:37:58.966 [main] INFO  My logger - –ó–∞–∫—Ä—ã—Ç SQL –∑–∞–ø—Ä–æ—Å 'SELECT * FROM flat WHERE id = 1'. 
18:37:58.966 [main] INFO  My logger - –ü–æ–¥–≥–æ—Ç–æ–≤–ª–µ–Ω SQL –∑–∞–ø—Ä–æ—Å 'SELECT * FROM house WHERE id = ?'. 
18:37:58.968 [main] INFO  My logger - –í—ã–ø–æ–ª–Ω–µ–Ω –∑–∞–ø—Ä–æ—Å SELECT_HOUSE_BY_ID. 
18:37:58.968 [main] INFO  My logger - –ó–∞–∫—Ä—ã—Ç SQL –∑–∞–ø—Ä–æ—Å 'SELECT * FROM house WHERE id = 2'. 
18:37:58.968 [main] INFO  My logger - –ü–æ–¥–≥–æ—Ç–æ–≤–ª–µ–Ω SQL –∑–∞–ø—Ä–æ—Å 'SELECT * FROM users WHERE id = ?'. 
18:37:58.976 [main] INFO  My logger - –í—ã–ø–æ–ª–Ω–µ–Ω –∑–∞–ø—Ä–æ—Å SELECT_USER_BY_ID. 
18:37:58.976 [main] INFO  My logger - –ó–∞–∫—Ä—ã—Ç SQL –∑–∞–ø—Ä–æ—Å 'SELECT * FROM users WHERE id = 1'. 
18:37:58.976 [main] INFO  My logger - –ü–æ–¥–≥–æ—Ç–æ–≤–ª–µ–Ω SQL –∑–∞–ø—Ä–æ—Å 'SELECT * FROM flat WHERE id = ?'. 
18:37:58.976 [main] INFO  My logger - –í—ã–ø–æ–ª–Ω–µ–Ω –∑–∞–ø—Ä–æ—Å SELECT_STUDY_GROUP_BY_ID. 
18:37:58.976 [main] INFO  My logger - –ó–∞–∫—Ä—ã—Ç SQL –∑–∞–ø—Ä–æ—Å 'SELECT * FROM flat WHERE id = 3'. 
18:37:58.986 [main] INFO  My logger - –ü–æ–¥–≥–æ—Ç–æ–≤–ª–µ–Ω SQL –∑–∞–ø—Ä–æ—Å 'SELECT * FROM coordinates WHERE id = ?'. 
18:37:58.988 [main] INFO  My logger - –í—ã–ø–æ–ª–Ω–µ–Ω –∑–∞–ø—Ä–æ—Å SELECT_COORDINATES_BY_ID. 
18:37:58.988 [main] INFO  My logger - –ó–∞–∫—Ä—ã—Ç SQL –∑–∞–ø—Ä–æ—Å 'SELECT * FROM coordinates WHERE id = 4'. 
18:37:58.988 [main] INFO  My logger - –ü–æ–¥–≥–æ—Ç–æ–≤–ª–µ–Ω SQL –∑–∞–ø—Ä–æ—Å 'SELECT * FROM flat WHERE id = ?'. 
18:37:58.988 [main] INFO  My logger - –í—ã–ø–æ–ª–Ω–µ–Ω –∑–∞–ø—Ä–æ—Å SELECT_STUDY_GROUP_BY_ID. 
18:37:58.988 [main] INFO  My logger - –ó–∞–∫—Ä—ã—Ç SQL –∑–∞–ø—Ä–æ—Å 'SELECT * FROM flat WHERE id = 3'. 
18:37:58.997 [main] INFO  My logger - –ü–æ–¥–≥–æ—Ç–æ–≤–ª–µ–Ω SQL –∑–∞–ø—Ä–æ—Å 'SELECT * FROM house WHERE id = ?'. 
18:37:58.997 [main] INFO  My logger - –í—ã–ø–æ–ª–Ω–µ–Ω –∑–∞–ø—Ä–æ—Å SELECT_HOUSE_BY_ID. 
18:37:58.997 [main] INFO  My logger - –ó–∞–∫—Ä—ã—Ç SQL –∑–∞–ø—Ä–æ—Å 'SELECT * FROM house WHERE id = 4'. 
18:37:58.997 [main] INFO  My logger - –ü–æ–¥–≥–æ—Ç–æ–≤–ª–µ–Ω SQL –∑–∞–ø—Ä–æ—Å 'SELECT * FROM users WHERE id = ?'. 
18:37:58.997 [main] INFO  My logger - –í—ã–ø–æ–ª–Ω–µ–Ω –∑–∞–ø—Ä–æ—Å SELECT_USER_BY_ID. 
18:37:58.997 [main] INFO  My logger - –ó–∞–∫—Ä—ã—Ç SQL –∑–∞–ø—Ä–æ—Å 'SELECT * FROM users WHERE id = 1'. 
18:37:58.997 [main] INFO  My logger - –ó–∞–∫—Ä—ã—Ç SQL –∑–∞–ø—Ä–æ—Å 'SELECT * FROM flat'. 
18:37:59.019 [main] INFO  My logger - –û—Ç–∫—Ä—ã–≤–∞—é —Å–æ–∫–µ—Ç 
18:37:59.039 [main] INFO  My logger - –°–æ–∫–µ—Ç –æ—Ç–∫—Ä—ã—Ç 
18:37:59.039 [main] INFO  My logger - –û–∂–∏–¥–∞—é –≤—Ö–æ–¥—è—â–µ–µ —Å–æ–æ–±—â–µ–Ω–∏–µ 
13:40:49.644 [main] INFO  My logger - –£—Å—Ç–∞–Ω–∞–≤–ª–∏–≤–∞–µ—Ç—Å—è ssh –ø–æ–¥–∫–ª—é—á–µ–Ω–∏–µ –∫ se.ifmo.ru : 2222 
13:40:50.765 [main] INFO  My logger - –ü–æ–¥–∫–ª—é—á–µ–Ω–∏–µ —É—Å—Ç–∞–Ω–æ–≤–ª–µ–Ω–æ. 
13:40:50.775 [main] INFO  My logger - localhost:8594 -> pg:5432 
13:40:51.007 [main] INFO  My logger - –°–æ–µ–¥–∏–Ω–µ–Ω–∏–µ —Å –±–∞–∑–æ–π –¥–∞–Ω–Ω—ã—Ö —É—Å—Ç–∞–Ω–æ–≤–ª–µ–Ω–æ. 
13:40:51.095 [main] INFO  My logger - –ü–æ–¥–≥–æ—Ç–æ–≤–ª–µ–Ω SQL –∑–∞–ø—Ä–æ—Å 'SELECT * FROM flat'. 
13:40:51.156 [main] INFO  My logger - –ü–æ–¥–≥–æ—Ç–æ–≤–ª–µ–Ω SQL –∑–∞–ø—Ä–æ—Å 'SELECT * FROM flat WHERE id = ?'. 
13:40:51.186 [main] INFO  My logger - –í—ã–ø–æ–ª–Ω–µ–Ω –∑–∞–ø—Ä–æ—Å SELECT_STUDY_GROUP_BY_ID. 
13:40:51.188 [main] INFO  My logger - –ó–∞–∫—Ä—ã—Ç SQL –∑–∞–ø—Ä–æ—Å 'SELECT * FROM flat WHERE id = 1'. 
13:40:51.188 [main] INFO  My logger - –ü–æ–¥–≥–æ—Ç–æ–≤–ª–µ–Ω SQL –∑–∞–ø—Ä–æ—Å 'SELECT * FROM coordinates WHERE id = ?'. 
13:40:51.216 [main] INFO  My logger - –í—ã–ø–æ–ª–Ω–µ–Ω –∑–∞–ø—Ä–æ—Å SELECT_COORDINATES_BY_ID. 
13:40:51.218 [main] INFO  My logger - –ó–∞–∫—Ä—ã—Ç SQL –∑–∞–ø—Ä–æ—Å 'SELECT * FROM coordinates WHERE id = 2'. 
13:40:51.218 [main] INFO  My logger - –ü–æ–¥–≥–æ—Ç–æ–≤–ª–µ–Ω SQL –∑–∞–ø—Ä–æ—Å 'SELECT * FROM flat WHERE id = ?'. 
13:40:51.246 [main] INFO  My logger - –í—ã–ø–æ–ª–Ω–µ–Ω –∑–∞–ø—Ä–æ—Å SELECT_STUDY_GROUP_BY_ID. 
13:40:51.246 [main] INFO  My logger - –ó–∞–∫—Ä—ã—Ç SQL –∑–∞–ø—Ä–æ—Å 'SELECT * FROM flat WHERE id = 1'. 
13:40:51.248 [main] INFO  My logger - –ü–æ–¥–≥–æ—Ç–æ–≤–ª–µ–Ω SQL –∑–∞–ø—Ä–æ—Å 'SELECT * FROM house WHERE id = ?'. 
13:40:51.268 [main] INFO  My logger - –í—ã–ø–æ–ª–Ω–µ–Ω –∑–∞–ø—Ä–æ—Å SELECT_HOUSE_BY_ID. 
13:40:51.277 [main] INFO  My logger - –ó–∞–∫—Ä—ã—Ç SQL –∑–∞–ø—Ä–æ—Å 'SELECT * FROM house WHERE id = 2'. 
13:40:51.279 [main] INFO  My logger - –ü–æ–¥–≥–æ—Ç–æ–≤–ª–µ–Ω SQL –∑–∞–ø—Ä–æ—Å 'SELECT * FROM users WHERE id = ?'. 
13:40:51.299 [main] INFO  My logger - –í—ã–ø–æ–ª–Ω–µ–Ω –∑–∞–ø—Ä–æ—Å SELECT_USER_BY_ID. 
13:40:51.307 [main] INFO  My logger - –ó–∞–∫—Ä—ã—Ç SQL –∑–∞–ø—Ä–æ—Å 'SELECT * FROM users WHERE id = 1'. 
13:40:51.309 [main] INFO  My logger - –ü–æ–¥–≥–æ—Ç–æ–≤–ª–µ–Ω SQL –∑–∞–ø—Ä–æ—Å 'SELECT * FROM flat WHERE id = ?'. 
13:40:51.337 [main] INFO  My logger - –í—ã–ø–æ–ª–Ω–µ–Ω –∑–∞–ø—Ä–æ—Å SELECT_STUDY_GROUP_BY_ID. 
13:40:51.337 [main] INFO  My logger - –ó–∞–∫—Ä—ã—Ç SQL –∑–∞–ø—Ä–æ—Å 'SELECT * FROM flat WHERE id = 3'. 
13:40:51.337 [main] INFO  My logger - –ü–æ–¥–≥–æ—Ç–æ–≤–ª–µ–Ω SQL –∑–∞–ø—Ä–æ—Å 'SELECT * FROM coordinates WHERE id = ?'. 
13:40:51.379 [main] INFO  My logger - –í—ã–ø–æ–ª–Ω–µ–Ω –∑–∞–ø—Ä–æ—Å SELECT_COORDINATES_BY_ID. 
13:40:51.379 [main] INFO  My logger - –ó–∞–∫—Ä—ã—Ç SQL –∑–∞–ø—Ä–æ—Å 'SELECT * FROM coordinates WHERE id = 4'. 
13:40:51.379 [main] INFO  My logger - –ü–æ–¥–≥–æ—Ç–æ–≤–ª–µ–Ω SQL –∑–∞–ø—Ä–æ—Å 'SELECT * FROM flat WHERE id = ?'. 
13:40:51.409 [main] INFO  My logger - –í—ã–ø–æ–ª–Ω–µ–Ω –∑–∞–ø—Ä–æ—Å SELECT_STUDY_GROUP_BY_ID. 
13:40:51.409 [main] INFO  My logger - –ó–∞–∫—Ä—ã—Ç SQL –∑–∞–ø—Ä–æ—Å 'SELECT * FROM flat WHERE id = 3'. 
13:40:51.409 [main] INFO  My logger - –ü–æ–¥–≥–æ—Ç–æ–≤–ª–µ–Ω SQL –∑–∞–ø—Ä–æ—Å 'SELECT * FROM house WHERE id = ?'. 
13:40:51.440 [main] INFO  My logger - –í—ã–ø–æ–ª–Ω–µ–Ω –∑–∞–ø—Ä–æ—Å SELECT_HOUSE_BY_ID. 
13:40:51.440 [main] INFO  My logger - –ó–∞–∫—Ä—ã—Ç SQL –∑–∞–ø—Ä–æ—Å 'SELECT * FROM house WHERE id = 4'. 
13:40:51.440 [main] INFO  My logger - –ü–æ–¥–≥–æ—Ç–æ–≤–ª–µ–Ω SQL –∑–∞–ø—Ä–æ—Å 'SELECT * FROM users WHERE id = ?'. 
13:40:51.478 [main] INFO  My logger - –í—ã–ø–æ–ª–Ω–µ–Ω –∑–∞–ø—Ä–æ—Å SELECT_USER_BY_ID. 
13:40:51.480 [main] INFO  My logger - –ó–∞–∫—Ä—ã—Ç SQL –∑–∞–ø—Ä–æ—Å 'SELECT * FROM users WHERE id = 1'. 
13:40:51.480 [main] INFO  My logger - –ó–∞–∫—Ä—ã—Ç SQL –∑–∞–ø—Ä–æ—Å 'SELECT * FROM flat'. 
13:40:51.782 [main] INFO  My logger - –û—Ç–∫—Ä—ã–≤–∞—é —Å–æ–∫–µ—Ç 
13:40:51.792 [main] INFO  My logger - –°–æ–∫–µ—Ç –æ—Ç–∫—Ä—ã—Ç 
13:40:51.792 [main] INFO  My logger - –û–∂–∏–¥–∞—é –≤—Ö–æ–¥—è—â–µ–µ —Å–æ–æ–±—â–µ–Ω–∏–µ 
13:41:01.564 [main] INFO  My logger - –û–∂–∏–¥–∞—é –≤—Ö–æ–¥—è—â–µ–µ —Å–æ–æ–±—â–µ–Ω–∏–µ 
13:41:01.572 [Thread-5] INFO  My logger - –ü–æ–¥–≥–æ—Ç–æ–≤–ª–µ–Ω SQL –∑–∞–ø—Ä–æ—Å 'SELECT * FROM users WHERE username = ? AND password = ?'. 
13:41:01.605 [Thread-5] INFO  My logger - –í—ã–ø–æ–ª–Ω–µ–Ω –∑–∞–ø—Ä–æ—Å SELECT_USER_BY_USERNAME_AND_PASSWORD: true 
13:41:01.605 [Thread-5] INFO  My logger - –ó–∞–∫—Ä—ã—Ç SQL –∑–∞–ø—Ä–æ—Å 'SELECT * FROM users WHERE username = 'admin' AND password = '81dc9bdb52d04dc20036dbd8313ed055''. 
13:41:01.625 [Thread-6] INFO  My logger - –ù–∞—á–∏–Ω–∞—é –æ—Ç–ø—Ä–∞–≤–∫—É –æ—Ç–≤–µ—Ç–∞ 
13:41:01.625 [Thread-6] INFO  My logger - –ù–∞—á–∏–Ω–∞—é —Å–µ—Ä–∏–∞–ª–∏–∑–∞—Ü–∏—é 
13:41:01.633 [Thread-6] INFO  My logger - –°–µ—Ä–µ–∞–ª–∏–∑–∏—Ä–æ–≤–∞–ª 
13:41:01.633 [Thread-6] INFO  My logger - –û—Ç–ø—Ä–∞–≤–ª–µ–Ω–æ 
13:41:10.901 [main] INFO  My logger - –û–∂–∏–¥–∞—é –≤—Ö–æ–¥—è—â–µ–µ —Å–æ–æ–±—â–µ–Ω–∏–µ 
13:41:10.901 [Thread-7] INFO  My logger - –ü–æ–¥–≥–æ—Ç–æ–≤–ª–µ–Ω SQL –∑–∞–ø—Ä–æ—Å 'SELECT * FROM users WHERE username = ? AND password = ?'. 
13:41:11.153 [Thread-7] INFO  My logger - –í—ã–ø–æ–ª–Ω–µ–Ω –∑–∞–ø—Ä–æ—Å SELECT_USER_BY_USERNAME_AND_PASSWORD: false 
13:41:11.153 [Thread-7] INFO  My logger - –ó–∞–∫—Ä—ã—Ç SQL –∑–∞–ø—Ä–æ—Å 'SELECT * FROM users WHERE username = 'admin' AND password = '202cb962ac59075b964b07152d234b70''. 
13:41:11.153 [Thread-8] INFO  My logger - –ù–∞—á–∏–Ω–∞—é –æ—Ç–ø—Ä–∞–≤–∫—É –æ—Ç–≤–µ—Ç–∞ 
13:41:11.161 [Thread-8] INFO  My logger - –ù–∞—á–∏–Ω–∞—é —Å–µ—Ä–∏–∞–ª–∏–∑–∞—Ü–∏—é 
13:41:11.161 [Thread-8] INFO  My logger - –°–µ—Ä–µ–∞–ª–∏–∑–∏—Ä–æ–≤–∞–ª 
13:41:11.161 [Thread-8] INFO  My logger - –û—Ç–ø—Ä–∞–≤–ª–µ–Ω–æ 
14:14:30.985 [main] INFO  My logger - –£—Å—Ç–∞–Ω–∞–≤–ª–∏–≤–∞–µ—Ç—Å—è ssh –ø–æ–¥–∫–ª—é—á–µ–Ω–∏–µ –∫ se.ifmo.ru : 2222 
14:14:31.691 [main] INFO  My logger - –ü–æ–¥–∫–ª—é—á–µ–Ω–∏–µ —É—Å—Ç–∞–Ω–æ–≤–ª–µ–Ω–æ. 
14:14:31.701 [main] INFO  My logger - localhost:8594 -> pg:5432 
14:14:31.930 [main] INFO  My logger - –°–æ–µ–¥–∏–Ω–µ–Ω–∏–µ —Å –±–∞–∑–æ–π –¥–∞–Ω–Ω—ã—Ö —É—Å—Ç–∞–Ω–æ–≤–ª–µ–Ω–æ. 
14:14:31.952 [main] INFO  My logger - –ü–æ–¥–≥–æ—Ç–æ–≤–ª–µ–Ω SQL –∑–∞–ø—Ä–æ—Å 'SELECT * FROM flat'. 
14:14:31.999 [main] INFO  My logger - –ü–æ–¥–≥–æ—Ç–æ–≤–ª–µ–Ω SQL –∑–∞–ø—Ä–æ—Å 'SELECT * FROM flat WHERE id = ?'. 
14:14:32.031 [main] INFO  My logger - –í—ã–ø–æ–ª–Ω–µ–Ω –∑–∞–ø—Ä–æ—Å SELECT_STUDY_GROUP_BY_ID. 
14:14:32.031 [main] INFO  My logger - –ó–∞–∫—Ä—ã—Ç SQL –∑–∞–ø—Ä–æ—Å 'SELECT * FROM flat WHERE id = 1'. 
14:14:32.031 [main] INFO  My logger - –ü–æ–¥–≥–æ—Ç–æ–≤–ª–µ–Ω SQL –∑–∞–ø—Ä–æ—Å 'SELECT * FROM coordinates WHERE id = ?'. 
14:14:32.068 [main] INFO  My logger - –í—ã–ø–æ–ª–Ω–µ–Ω –∑–∞–ø—Ä–æ—Å SELECT_COORDINATES_BY_ID. 
14:14:32.068 [main] INFO  My logger - –ó–∞–∫—Ä—ã—Ç SQL –∑–∞–ø—Ä–æ—Å 'SELECT * FROM coordinates WHERE id = 2'. 
14:14:32.068 [main] INFO  My logger - –ü–æ–¥–≥–æ—Ç–æ–≤–ª–µ–Ω SQL –∑–∞–ø—Ä–æ—Å 'SELECT * FROM flat WHERE id = ?'. 
14:14:32.100 [main] INFO  My logger - –í—ã–ø–æ–ª–Ω–µ–Ω –∑–∞–ø—Ä–æ—Å SELECT_STUDY_GROUP_BY_ID. 
14:14:32.100 [main] INFO  My logger - –ó–∞–∫—Ä—ã—Ç SQL –∑–∞–ø—Ä–æ—Å 'SELECT * FROM flat WHERE id = 1'. 
14:14:32.100 [main] INFO  My logger - –ü–æ–¥–≥–æ—Ç–æ–≤–ª–µ–Ω SQL –∑–∞–ø—Ä–æ—Å 'SELECT * FROM house WHERE id = ?'. 
14:14:32.131 [main] INFO  My logger - –í—ã–ø–æ–ª–Ω–µ–Ω –∑–∞–ø—Ä–æ—Å SELECT_HOUSE_BY_ID. 
14:14:32.131 [main] INFO  My logger - –ó–∞–∫—Ä—ã—Ç SQL –∑–∞–ø—Ä–æ—Å 'SELECT * FROM house WHERE id = 2'. 
14:14:32.131 [main] INFO  My logger - –ü–æ–¥–≥–æ—Ç–æ–≤–ª–µ–Ω SQL –∑–∞–ø—Ä–æ—Å 'SELECT * FROM users WHERE id = ?'. 
14:14:32.153 [main] INFO  My logger - –í—ã–ø–æ–ª–Ω–µ–Ω –∑–∞–ø—Ä–æ—Å SELECT_USER_BY_ID. 
14:14:32.153 [main] INFO  My logger - –ó–∞–∫—Ä—ã—Ç SQL –∑–∞–ø—Ä–æ—Å 'SELECT * FROM users WHERE id = 1'. 
14:14:32.153 [main] INFO  My logger - –ü–æ–¥–≥–æ—Ç–æ–≤–ª–µ–Ω SQL –∑–∞–ø—Ä–æ—Å 'SELECT * FROM flat WHERE id = ?'. 
14:14:32.184 [main] INFO  My logger - –í—ã–ø–æ–ª–Ω–µ–Ω –∑–∞–ø—Ä–æ—Å SELECT_STUDY_GROUP_BY_ID. 
14:14:32.184 [main] INFO  My logger - –ó–∞–∫—Ä—ã—Ç SQL –∑–∞–ø—Ä–æ—Å 'SELECT * FROM flat WHERE id = 3'. 
14:14:32.184 [main] INFO  My logger - –ü–æ–¥–≥–æ—Ç–æ–≤–ª–µ–Ω SQL –∑–∞–ø—Ä–æ—Å 'SELECT * FROM coordinates WHERE id = ?'. 
14:14:32.215 [main] INFO  My logger - –í—ã–ø–æ–ª–Ω–µ–Ω –∑–∞–ø—Ä–æ—Å SELECT_COORDINATES_BY_ID. 
14:14:32.215 [main] INFO  My logger - –ó–∞–∫—Ä—ã—Ç SQL –∑–∞–ø—Ä–æ—Å 'SELECT * FROM coordinates WHERE id = 4'. 
14:14:32.215 [main] INFO  My logger - –ü–æ–¥–≥–æ—Ç–æ–≤–ª–µ–Ω SQL –∑–∞–ø—Ä–æ—Å 'SELECT * FROM flat WHERE id = ?'. 
14:14:32.247 [main] INFO  My logger - –í—ã–ø–æ–ª–Ω–µ–Ω –∑–∞–ø—Ä–æ—Å SELECT_STUDY_GROUP_BY_ID. 
14:14:32.247 [main] INFO  My logger - –ó–∞–∫—Ä—ã—Ç SQL –∑–∞–ø—Ä–æ—Å 'SELECT * FROM flat WHERE id = 3'. 
14:14:32.247 [main] INFO  My logger - –ü–æ–¥–≥–æ—Ç–æ–≤–ª–µ–Ω SQL –∑–∞–ø—Ä–æ—Å 'SELECT * FROM house WHERE id = ?'. 
14:14:32.269 [main] INFO  My logger - –í—ã–ø–æ–ª–Ω–µ–Ω –∑–∞–ø—Ä–æ—Å SELECT_HOUSE_BY_ID. 
14:14:32.269 [main] INFO  My logger - –ó–∞–∫—Ä—ã—Ç SQL –∑–∞–ø—Ä–æ—Å 'SELECT * FROM house WHERE id = 4'. 
14:14:32.269 [main] INFO  My logger - –ü–æ–¥–≥–æ—Ç–æ–≤–ª–µ–Ω SQL –∑–∞–ø—Ä–æ—Å 'SELECT * FROM users WHERE id = ?'. 
14:14:32.300 [main] INFO  My logger - –í—ã–ø–æ–ª–Ω–µ–Ω –∑–∞–ø—Ä–æ—Å SELECT_USER_BY_ID. 
14:14:32.300 [main] INFO  My logger - –ó–∞–∫—Ä—ã—Ç SQL –∑–∞–ø—Ä–æ—Å 'SELECT * FROM users WHERE id = 1'. 
14:14:32.300 [main] INFO  My logger - –ó–∞–∫—Ä—ã—Ç SQL –∑–∞–ø—Ä–æ—Å 'SELECT * FROM flat'. 
14:14:32.316 [main] INFO  My logger - –û—Ç–∫—Ä—ã–≤–∞—é —Å–æ–∫–µ—Ç 
14:14:32.331 [main] INFO  My logger - –°–æ–∫–µ—Ç –æ—Ç–∫—Ä—ã—Ç 
14:14:32.331 [main] INFO  My logger - –û–∂–∏–¥–∞—é –≤—Ö–æ–¥—è—â–µ–µ —Å–æ–æ–±—â–µ–Ω–∏–µ 
14:15:01.845 [main] INFO  My logger - –û–∂–∏–¥–∞—é –≤—Ö–æ–¥—è—â–µ–µ —Å–æ–æ–±—â–µ–Ω–∏–µ 
14:15:01.851 [Thread-5] INFO  My logger - –ü–æ–¥–≥–æ—Ç–æ–≤–ª–µ–Ω SQL –∑–∞–ø—Ä–æ—Å 'SELECT * FROM users WHERE username = ? AND password = ?'. 
14:15:01.999 [Thread-5] INFO  My logger - –í—ã–ø–æ–ª–Ω–µ–Ω –∑–∞–ø—Ä–æ—Å SELECT_USER_BY_USERNAME_AND_PASSWORD: true 
14:15:01.999 [Thread-5] INFO  My logger - –ó–∞–∫—Ä—ã—Ç SQL –∑–∞–ø—Ä–æ—Å 'SELECT * FROM users WHERE username = 'admin' AND password = '81dc9bdb52d04dc20036dbd8313ed055''. 
14:15:01.999 [Thread-6] INFO  My logger - –ù–∞—á–∏–Ω–∞—é –æ—Ç–ø—Ä–∞–≤–∫—É –æ—Ç–≤–µ—Ç–∞ 
14:15:01.999 [Thread-6] INFO  My logger - –ù–∞—á–∏–Ω–∞—é —Å–µ—Ä–∏–∞–ª–∏–∑–∞—Ü–∏—é 
14:15:01.999 [Thread-6] INFO  My logger - –°–µ—Ä–µ–∞–ª–∏–∑–∏—Ä–æ–≤–∞–ª 
14:15:01.999 [Thread-6] INFO  My logger - –û—Ç–ø—Ä–∞–≤–ª–µ–Ω–æ 
14:15:30.049 [main] INFO  My logger - –û–∂–∏–¥–∞—é –≤—Ö–æ–¥—è—â–µ–µ —Å–æ–æ–±—â–µ–Ω–∏–µ 
14:15:30.049 [Thread-7] INFO  My logger - –ü–æ–¥–≥–æ—Ç–æ–≤–ª–µ–Ω SQL –∑–∞–ø—Ä–æ—Å 'SELECT * FROM users WHERE username = ? AND password = ?'. 
14:15:30.080 [Thread-7] INFO  My logger - –í—ã–ø–æ–ª–Ω–µ–Ω –∑–∞–ø—Ä–æ—Å SELECT_USER_BY_USERNAME_AND_PASSWORD: true 
14:15:30.080 [Thread-7] INFO  My logger - –ó–∞–∫—Ä—ã—Ç SQL –∑–∞–ø—Ä–æ—Å 'SELECT * FROM users WHERE username = 'admin' AND password = '81dc9bdb52d04dc20036dbd8313ed055''. 
14:15:30.080 [Thread-8] INFO  My logger - –ù–∞—á–∏–Ω–∞—é –æ—Ç–ø—Ä–∞–≤–∫—É –æ—Ç–≤–µ—Ç–∞ 
14:15:30.080 [Thread-8] INFO  My logger - –ù–∞—á–∏–Ω–∞—é —Å–µ—Ä–∏–∞–ª–∏–∑–∞—Ü–∏—é 
14:15:30.080 [Thread-8] INFO  My logger - –°–µ—Ä–µ–∞–ª–∏–∑–∏—Ä–æ–≤–∞–ª 
14:15:30.080 [Thread-8] INFO  My logger - –û—Ç–ø—Ä–∞–≤–ª–µ–Ω–æ 
14:20:17.422 [main] INFO  My logger - –û–∂–∏–¥–∞—é –≤—Ö–æ–¥—è—â–µ–µ —Å–æ–æ–±—â–µ–Ω–∏–µ 
14:20:17.422 [Thread-9] INFO  My logger - –ü–æ–¥–≥–æ—Ç–æ–≤–ª–µ–Ω SQL –∑–∞–ø—Ä–æ—Å 'SELECT * FROM users WHERE username = ?'. 
14:20:17.454 [Thread-9] INFO  My logger - –í—ã–ø–æ–ª–Ω–µ–Ω –∑–∞–ø—Ä–æ—Å SELECT_USER_BY_USERNAME. 
14:20:17.454 [Thread-9] INFO  My logger - –ó–∞–∫—Ä—ã—Ç SQL –∑–∞–ø—Ä–æ—Å 'SELECT * FROM users WHERE username = 'admin''. 
14:20:17.454 [Thread-10] INFO  My logger - –ù–∞—á–∏–Ω–∞—é –æ—Ç–ø—Ä–∞–≤–∫—É –æ—Ç–≤–µ—Ç–∞ 
14:20:17.454 [Thread-10] INFO  My logger - –ù–∞—á–∏–Ω–∞—é —Å–µ—Ä–∏–∞–ª–∏–∑–∞—Ü–∏—é 
14:20:17.454 [Thread-10] INFO  My logger - –°–µ—Ä–µ–∞–ª–∏–∑–∏—Ä–æ–≤–∞–ª 
14:20:17.454 [Thread-10] INFO  My logger - –û—Ç–ø—Ä–∞–≤–ª–µ–Ω–æ 
14:20:18.989 [main] INFO  My logger - –û–∂–∏–¥–∞—é –≤—Ö–æ–¥—è—â–µ–µ —Å–æ–æ–±—â–µ–Ω–∏–µ 
14:20:18.989 [Thread-11] INFO  My logger - –ü–æ–¥–≥–æ—Ç–æ–≤–ª–µ–Ω SQL –∑–∞–ø—Ä–æ—Å 'SELECT * FROM users WHERE username = ? AND password = ?'. 
14:20:19.011 [Thread-11] INFO  My logger - –í—ã–ø–æ–ª–Ω–µ–Ω –∑–∞–ø—Ä–æ—Å SELECT_USER_BY_USERNAME_AND_PASSWORD: true 
14:20:19.027 [Thread-11] INFO  My logger - –ó–∞–∫—Ä—ã—Ç SQL –∑–∞–ø—Ä–æ—Å 'SELECT * FROM users WHERE username = 'admin' AND password = '81dc9bdb52d04dc20036dbd8313ed055''. 
14:20:19.027 [Thread-12] INFO  My logger - –ù–∞—á–∏–Ω–∞—é –æ—Ç–ø—Ä–∞–≤–∫—É –æ—Ç–≤–µ—Ç–∞ 
14:20:19.027 [Thread-12] INFO  My logger - –ù–∞—á–∏–Ω–∞—é —Å–µ—Ä–∏–∞–ª–∏–∑–∞—Ü–∏—é 
14:20:19.027 [Thread-12] INFO  My logger - –°–µ—Ä–µ–∞–ª–∏–∑–∏—Ä–æ–≤–∞–ª 
14:20:19.027 [Thread-12] INFO  My logger - –û—Ç–ø—Ä–∞–≤–ª–µ–Ω–æ 
14:20:51.662 [main] INFO  My logger - –û–∂–∏–¥–∞—é –≤—Ö–æ–¥—è—â–µ–µ —Å–æ–æ–±—â–µ–Ω–∏–µ 
14:20:51.677 [Thread-13] INFO  My logger - –ü–æ–¥–≥–æ—Ç–æ–≤–ª–µ–Ω SQL –∑–∞–ø—Ä–æ—Å 'SELECT * FROM users WHERE username = ? AND password = ?'. 
14:20:51.699 [Thread-13] INFO  My logger - –í—ã–ø–æ–ª–Ω–µ–Ω –∑–∞–ø—Ä–æ—Å SELECT_USER_BY_USERNAME_AND_PASSWORD: true 
14:20:51.699 [Thread-13] INFO  My logger - –ó–∞–∫—Ä—ã—Ç SQL –∑–∞–ø—Ä–æ—Å 'SELECT * FROM users WHERE username = 'admin' AND password = '81dc9bdb52d04dc20036dbd8313ed055''. 
14:20:51.699 [Thread-14] INFO  My logger - –ù–∞—á–∏–Ω–∞—é –æ—Ç–ø—Ä–∞–≤–∫—É –æ—Ç–≤–µ—Ç–∞ 
14:20:51.699 [Thread-14] INFO  My logger - –ù–∞—á–∏–Ω–∞—é —Å–µ—Ä–∏–∞–ª–∏–∑–∞—Ü–∏—é 
14:20:51.699 [Thread-14] INFO  My logger - –°–µ—Ä–µ–∞–ª–∏–∑–∏—Ä–æ–≤–∞–ª 
14:20:51.699 [Thread-14] INFO  My logger - –û—Ç–ø—Ä–∞–≤–ª–µ–Ω–æ 
14:31:54.297 [main] INFO  My logger - –û–∂–∏–¥–∞—é –≤—Ö–æ–¥—è—â–µ–µ —Å–æ–æ–±—â–µ–Ω–∏–µ 
14:31:54.297 [Thread-15] INFO  My logger - –ü–æ–¥–≥–æ—Ç–æ–≤–ª–µ–Ω SQL –∑–∞–ø—Ä–æ—Å 'SELECT * FROM users WHERE username = ? AND password = ?'. 
14:31:54.482 [Thread-15] INFO  My logger - –í—ã–ø–æ–ª–Ω–µ–Ω –∑–∞–ø—Ä–æ—Å SELECT_USER_BY_USERNAME_AND_PASSWORD: true 
14:31:54.482 [Thread-15] INFO  My logger - –ó–∞–∫—Ä—ã—Ç SQL –∑–∞–ø—Ä–æ—Å 'SELECT * FROM users WHERE username = 'admin' AND password = '81dc9bdb52d04dc20036dbd8313ed055''. 
14:31:54.482 [Thread-16] INFO  My logger - –ù–∞—á–∏–Ω–∞—é –æ—Ç–ø—Ä–∞–≤–∫—É –æ—Ç–≤–µ—Ç–∞ 
14:31:54.482 [Thread-16] INFO  My logger - –ù–∞—á–∏–Ω–∞—é —Å–µ—Ä–∏–∞–ª–∏–∑–∞—Ü–∏—é 
14:31:54.482 [Thread-16] INFO  My logger - –°–µ—Ä–µ–∞–ª–∏–∑–∏—Ä–æ–≤–∞–ª 
14:31:54.482 [Thread-16] INFO  My logger - –û—Ç–ø—Ä–∞–≤–ª–µ–Ω–æ 
14:33:03.496 [main] INFO  My logger - –û–∂–∏–¥–∞—é –≤—Ö–æ–¥—è—â–µ–µ —Å–æ–æ–±—â–µ–Ω–∏–µ 
14:33:03.496 [Thread-17] INFO  My logger - –ü–æ–¥–≥–æ—Ç–æ–≤–ª–µ–Ω SQL –∑–∞–ø—Ä–æ—Å 'SELECT * FROM users WHERE username = ? AND password = ?'. 
14:33:03.596 [Thread-17] INFO  My logger - –í—ã–ø–æ–ª–Ω–µ–Ω –∑–∞–ø—Ä–æ—Å SELECT_USER_BY_USERNAME_AND_PASSWORD: true 
14:33:03.596 [Thread-17] INFO  My logger - –ó–∞–∫—Ä—ã—Ç SQL –∑–∞–ø—Ä–æ—Å 'SELECT * FROM users WHERE username = 'admin' AND password = '81dc9bdb52d04dc20036dbd8313ed055''. 
14:33:03.596 [Thread-18] INFO  My logger - –ù–∞—á–∏–Ω–∞—é –æ—Ç–ø—Ä–∞–≤–∫—É –æ—Ç–≤–µ—Ç–∞ 
14:33:03.596 [Thread-18] INFO  My logger - –ù–∞—á–∏–Ω–∞—é —Å–µ—Ä–∏–∞–ª–∏–∑–∞—Ü–∏—é 
14:33:03.596 [Thread-18] INFO  My logger - –°–µ—Ä–µ–∞–ª–∏–∑–∏—Ä–æ–≤–∞–ª 
14:33:03.596 [Thread-18] INFO  My logger - –û—Ç–ø—Ä–∞–≤–ª–µ–Ω–æ 
14:35:52.396 [main] INFO  My logger - –û–∂–∏–¥–∞—é –≤—Ö–æ–¥—è—â–µ–µ —Å–æ–æ–±—â–µ–Ω–∏–µ 
14:35:52.396 [Thread-19] INFO  My logger - –ü–æ–¥–≥–æ—Ç–æ–≤–ª–µ–Ω SQL –∑–∞–ø—Ä–æ—Å 'SELECT * FROM users WHERE username = ? AND password = ?'. 
14:35:52.427 [Thread-19] INFO  My logger - –í—ã–ø–æ–ª–Ω–µ–Ω –∑–∞–ø—Ä–æ—Å SELECT_USER_BY_USERNAME_AND_PASSWORD: true 
14:35:52.427 [Thread-19] INFO  My logger - –ó–∞–∫—Ä—ã—Ç SQL –∑–∞–ø—Ä–æ—Å 'SELECT * FROM users WHERE username = 'admin' AND password = '81dc9bdb52d04dc20036dbd8313ed055''. 
14:35:52.427 [Thread-20] INFO  My logger - –ù–∞—á–∏–Ω–∞—é –æ—Ç–ø—Ä–∞–≤–∫—É –æ—Ç–≤–µ—Ç–∞ 
14:35:52.427 [Thread-20] INFO  My logger - –ù–∞—á–∏–Ω–∞—é —Å–µ—Ä–∏–∞–ª–∏–∑–∞—Ü–∏—é 
14:35:52.427 [Thread-20] INFO  My logger - –°–µ—Ä–µ–∞–ª–∏–∑–∏—Ä–æ–≤–∞–ª 
14:35:52.427 [Thread-20] INFO  My logger - –û—Ç–ø—Ä–∞–≤–ª–µ–Ω–æ 
14:36:56.160 [main] INFO  My logger - –û–∂–∏–¥–∞—é –≤—Ö–æ–¥—è—â–µ–µ —Å–æ–æ–±—â–µ–Ω–∏–µ 
14:36:56.160 [Thread-21] INFO  My logger - –ü–æ–¥–≥–æ—Ç–æ–≤–ª–µ–Ω SQL –∑–∞–ø—Ä–æ—Å 'SELECT * FROM users WHERE username = ? AND password = ?'. 
14:36:56.191 [Thread-21] INFO  My logger - –í—ã–ø–æ–ª–Ω–µ–Ω –∑–∞–ø—Ä–æ—Å SELECT_USER_BY_USERNAME_AND_PASSWORD: true 
14:36:56.191 [Thread-21] INFO  My logger - –ó–∞–∫—Ä—ã—Ç SQL –∑–∞–ø—Ä–æ—Å 'SELECT * FROM users WHERE username = 'admin' AND password = '81dc9bdb52d04dc20036dbd8313ed055''. 
14:36:56.191 [Thread-22] INFO  My logger - –ù–∞—á–∏–Ω–∞—é –æ—Ç–ø—Ä–∞–≤–∫—É –æ—Ç–≤–µ—Ç–∞ 
14:36:56.191 [Thread-22] INFO  My logger - –ù–∞—á–∏–Ω–∞—é —Å–µ—Ä–∏–∞–ª–∏–∑–∞—Ü–∏—é 
14:36:56.191 [Thread-22] INFO  My logger - –°–µ—Ä–µ–∞–ª–∏–∑–∏—Ä–æ–≤–∞–ª 
14:36:56.191 [Thread-22] INFO  My logger - –û—Ç–ø—Ä–∞–≤–ª–µ–Ω–æ 
14:37:11.468 [main] INFO  My logger - –û–∂–∏–¥–∞—é –≤—Ö–æ–¥—è—â–µ–µ —Å–æ–æ–±—â–µ–Ω–∏–µ 
14:37:11.468 [Thread-23] INFO  My logger - –ü–æ–¥–≥–æ—Ç–æ–≤–ª–µ–Ω SQL –∑–∞–ø—Ä–æ—Å 'SELECT * FROM users WHERE username = ? AND password = ?'. 
14:37:11.499 [Thread-23] INFO  My logger - –í—ã–ø–æ–ª–Ω–µ–Ω –∑–∞–ø—Ä–æ—Å SELECT_USER_BY_USERNAME_AND_PASSWORD: true 
14:37:11.499 [Thread-23] INFO  My logger - –ó–∞–∫—Ä—ã—Ç SQL –∑–∞–ø—Ä–æ—Å 'SELECT * FROM users WHERE username = 'admin' AND password = '81dc9bdb52d04dc20036dbd8313ed055''. 
14:37:11.499 [Thread-24] INFO  My logger - –ù–∞—á–∏–Ω–∞—é –æ—Ç–ø—Ä–∞–≤–∫—É –æ—Ç–≤–µ—Ç–∞ 
14:37:11.499 [Thread-24] INFO  My logger - –ù–∞—á–∏–Ω–∞—é —Å–µ—Ä–∏–∞–ª–∏–∑–∞—Ü–∏—é 
14:37:11.499 [Thread-24] INFO  My logger - –°–µ—Ä–µ–∞–ª–∏–∑–∏—Ä–æ–≤–∞–ª 
14:37:11.499 [Thread-24] INFO  My logger - –û—Ç–ø—Ä–∞–≤–ª–µ–Ω–æ 
14:46:28.271 [main] INFO  My logger - –û–∂–∏–¥–∞—é –≤—Ö–æ–¥—è—â–µ–µ —Å–æ–æ–±—â–µ–Ω–∏–µ 
14:46:28.271 [Thread-25] INFO  My logger - –ü–æ–¥–≥–æ—Ç–æ–≤–ª–µ–Ω SQL –∑–∞–ø—Ä–æ—Å 'SELECT * FROM users WHERE username = ? AND password = ?'. 
14:46:28.487 [Thread-25] INFO  My logger - –í—ã–ø–æ–ª–Ω–µ–Ω –∑–∞–ø—Ä–æ—Å SELECT_USER_BY_USERNAME_AND_PASSWORD: true 
14:46:28.487 [Thread-25] INFO  My logger - –ó–∞–∫—Ä—ã—Ç SQL –∑–∞–ø—Ä–æ—Å 'SELECT * FROM users WHERE username = 'admin' AND password = '81dc9bdb52d04dc20036dbd8313ed055''. 
14:46:28.487 [Thread-26] INFO  My logger - –ù–∞—á–∏–Ω–∞—é –æ—Ç–ø—Ä–∞–≤–∫—É –æ—Ç–≤–µ—Ç–∞ 
14:46:28.487 [Thread-26] INFO  My logger - –ù–∞—á–∏–Ω–∞—é —Å–µ—Ä–∏–∞–ª–∏–∑–∞—Ü–∏—é 
14:46:28.487 [Thread-26] INFO  My logger - –°–µ—Ä–µ–∞–ª–∏–∑–∏—Ä–æ–≤–∞–ª 
14:46:28.487 [Thread-26] INFO  My logger - –û—Ç–ø—Ä–∞–≤–ª–µ–Ω–æ 
14:46:35.186 [main] INFO  My logger - –û–∂–∏–¥–∞—é –≤—Ö–æ–¥—è—â–µ–µ —Å–æ–æ–±—â–µ–Ω–∏–µ 
14:46:35.186 [Thread-27] INFO  My logger - –ü–æ–¥–≥–æ—Ç–æ–≤–ª–µ–Ω SQL –∑–∞–ø—Ä–æ—Å 'SELECT * FROM users WHERE username = ? AND password = ?'. 
14:46:35.218 [Thread-27] INFO  My logger - –í—ã–ø–æ–ª–Ω–µ–Ω –∑–∞–ø—Ä–æ—Å SELECT_USER_BY_USERNAME_AND_PASSWORD: true 
14:46:35.218 [Thread-27] INFO  My logger - –ó–∞–∫—Ä—ã—Ç SQL –∑–∞–ø—Ä–æ—Å 'SELECT * FROM users WHERE username = 'admin' AND password = '81dc9bdb52d04dc20036dbd8313ed055''. 
14:46:35.218 [Thread-27] INFO  My logger - –í—ã–∑—ã–≤–∞–µ—Ç—Å—è –∫–æ–º–∞–Ω–¥–∞ info 
14:46:35.240 [Thread-28] INFO  My logger - –ù–∞—á–∏–Ω–∞—é –æ—Ç–ø—Ä–∞–≤–∫—É –æ—Ç–≤–µ—Ç–∞ 
14:46:35.240 [Thread-28] INFO  My logger - –ù–∞—á–∏–Ω–∞—é —Å–µ—Ä–∏–∞–ª–∏–∑–∞—Ü–∏—é 
14:46:35.240 [Thread-28] INFO  My logger - –°–µ—Ä–µ–∞–ª–∏–∑–∏—Ä–æ–≤–∞–ª 
14:46:35.240 [Thread-28] INFO  My logger - –û—Ç–ø—Ä–∞–≤–ª–µ–Ω–æ 
14:55:35.596 [main] INFO  My logger - –£—Å—Ç–∞–Ω–∞–≤–ª–∏–≤–∞–µ—Ç—Å—è ssh –ø–æ–¥–∫–ª—é—á–µ–Ω–∏–µ –∫ se.ifmo.ru : 2222 
14:55:36.560 [main] INFO  My logger - –ü–æ–¥–∫–ª—é—á–µ–Ω–∏–µ —É—Å—Ç–∞–Ω–æ–≤–ª–µ–Ω–æ. 
14:55:36.562 [main] INFO  My logger - localhost:8594 -> pg:5432 
14:55:36.802 [main] INFO  My logger - –°–æ–µ–¥–∏–Ω–µ–Ω–∏–µ —Å –±–∞–∑–æ–π –¥–∞–Ω–Ω—ã—Ö —É—Å—Ç–∞–Ω–æ–≤–ª–µ–Ω–æ. 
14:55:36.824 [main] INFO  My logger - –ü–æ–¥–≥–æ—Ç–æ–≤–ª–µ–Ω SQL –∑–∞–ø—Ä–æ—Å 'SELECT * FROM flat'. 
14:55:36.885 [main] INFO  My logger - –ü–æ–¥–≥–æ—Ç–æ–≤–ª–µ–Ω SQL –∑–∞–ø—Ä–æ—Å 'SELECT * FROM flat WHERE id = ?'. 
14:55:36.915 [main] INFO  My logger - –í—ã–ø–æ–ª–Ω–µ–Ω –∑–∞–ø—Ä–æ—Å SELECT_STUDY_GROUP_BY_ID. 
14:55:36.915 [main] INFO  My logger - –ó–∞–∫—Ä—ã—Ç SQL –∑–∞–ø—Ä–æ—Å 'SELECT * FROM flat WHERE id = 1'. 
14:55:36.915 [main] INFO  My logger - –ü–æ–¥–≥–æ—Ç–æ–≤–ª–µ–Ω SQL –∑–∞–ø—Ä–æ—Å 'SELECT * FROM coordinates WHERE id = ?'. 
14:55:36.945 [main] INFO  My logger - –í—ã–ø–æ–ª–Ω–µ–Ω –∑–∞–ø—Ä–æ—Å SELECT_COORDINATES_BY_ID. 
14:55:36.945 [main] INFO  My logger - –ó–∞–∫—Ä—ã—Ç SQL –∑–∞–ø—Ä–æ—Å 'SELECT * FROM coordinates WHERE id = 2'. 
14:55:36.945 [main] INFO  My logger - –ü–æ–¥–≥–æ—Ç–æ–≤–ª–µ–Ω SQL –∑–∞–ø—Ä–æ—Å 'SELECT * FROM flat WHERE id = ?'. 
14:55:36.974 [main] INFO  My logger - –í—ã–ø–æ–ª–Ω–µ–Ω –∑–∞–ø—Ä–æ—Å SELECT_STUDY_GROUP_BY_ID. 
14:55:36.976 [main] INFO  My logger - –ó–∞–∫—Ä—ã—Ç SQL –∑–∞–ø—Ä–æ—Å 'SELECT * FROM flat WHERE id = 1'. 
14:55:36.976 [main] INFO  My logger - –ü–æ–¥–≥–æ—Ç–æ–≤–ª–µ–Ω SQL –∑–∞–ø—Ä–æ—Å 'SELECT * FROM house WHERE id = ?'. 
14:55:36.996 [main] INFO  My logger - –í—ã–ø–æ–ª–Ω–µ–Ω –∑–∞–ø—Ä–æ—Å SELECT_HOUSE_BY_ID. 
14:55:37.004 [main] INFO  My logger - –ó–∞–∫—Ä—ã—Ç SQL –∑–∞–ø—Ä–æ—Å 'SELECT * FROM house WHERE id = 2'. 
14:55:37.004 [main] INFO  My logger - –ü–æ–¥–≥–æ—Ç–æ–≤–ª–µ–Ω SQL –∑–∞–ø—Ä–æ—Å 'SELECT * FROM users WHERE id = ?'. 
14:55:37.026 [main] INFO  My logger - –í—ã–ø–æ–ª–Ω–µ–Ω –∑–∞–ø—Ä–æ—Å SELECT_USER_BY_ID. 
14:55:37.026 [main] INFO  My logger - –ó–∞–∫—Ä—ã—Ç SQL –∑–∞–ø—Ä–æ—Å 'SELECT * FROM users WHERE id = 1'. 
14:55:37.026 [main] INFO  My logger - –ü–æ–¥–≥–æ—Ç–æ–≤–ª–µ–Ω SQL –∑–∞–ø—Ä–æ—Å 'SELECT * FROM flat WHERE id = ?'. 
14:55:37.056 [main] INFO  My logger - –í—ã–ø–æ–ª–Ω–µ–Ω –∑–∞–ø—Ä–æ—Å SELECT_STUDY_GROUP_BY_ID. 
14:55:37.056 [main] INFO  My logger - –ó–∞–∫—Ä—ã—Ç SQL –∑–∞–ø—Ä–æ—Å 'SELECT * FROM flat WHERE id = 3'. 
14:55:37.056 [main] INFO  My logger - –ü–æ–¥–≥–æ—Ç–æ–≤–ª–µ–Ω SQL –∑–∞–ø—Ä–æ—Å 'SELECT * FROM coordinates WHERE id = ?'. 
14:55:37.086 [main] INFO  My logger - –í—ã–ø–æ–ª–Ω–µ–Ω –∑–∞–ø—Ä–æ—Å SELECT_COORDINATES_BY_ID. 
14:55:37.086 [main] INFO  My logger - –ó–∞–∫—Ä—ã—Ç SQL –∑–∞–ø—Ä–æ—Å 'SELECT * FROM coordinates WHERE id = 4'. 
14:55:37.086 [main] INFO  My logger - –ü–æ–¥–≥–æ—Ç–æ–≤–ª–µ–Ω SQL –∑–∞–ø—Ä–æ—Å 'SELECT * FROM flat WHERE id = ?'. 
14:55:37.106 [main] INFO  My logger - –í—ã–ø–æ–ª–Ω–µ–Ω –∑–∞–ø—Ä–æ—Å SELECT_STUDY_GROUP_BY_ID. 
14:55:37.115 [main] INFO  My logger - –ó–∞–∫—Ä—ã—Ç SQL –∑–∞–ø—Ä–æ—Å 'SELECT * FROM flat WHERE id = 3'. 
14:55:37.115 [main] INFO  My logger - –ü–æ–¥–≥–æ—Ç–æ–≤–ª–µ–Ω SQL –∑–∞–ø—Ä–æ—Å 'SELECT * FROM house WHERE id = ?'. 
14:55:37.137 [main] INFO  My logger - –í—ã–ø–æ–ª–Ω–µ–Ω –∑–∞–ø—Ä–æ—Å SELECT_HOUSE_BY_ID. 
14:55:37.137 [main] INFO  My logger - –ó–∞–∫—Ä—ã—Ç SQL –∑–∞–ø—Ä–æ—Å 'SELECT * FROM house WHERE id = 4'. 
14:55:37.137 [main] INFO  My logger - –ü–æ–¥–≥–æ—Ç–æ–≤–ª–µ–Ω SQL –∑–∞–ø—Ä–æ—Å 'SELECT * FROM users WHERE id = ?'. 
14:55:37.167 [main] INFO  My logger - –í—ã–ø–æ–ª–Ω–µ–Ω –∑–∞–ø—Ä–æ—Å SELECT_USER_BY_ID. 
14:55:37.167 [main] INFO  My logger - –ó–∞–∫—Ä—ã—Ç SQL –∑–∞–ø—Ä–æ—Å 'SELECT * FROM users WHERE id = 1'. 
14:55:37.167 [main] INFO  My logger - –ó–∞–∫—Ä—ã—Ç SQL –∑–∞–ø—Ä–æ—Å 'SELECT * FROM flat'. 
14:55:37.177 [main] INFO  My logger - –û—Ç–∫—Ä—ã–≤–∞—é —Å–æ–∫–µ—Ç 
14:55:37.187 [main] INFO  My logger - –°–æ–∫–µ—Ç –æ—Ç–∫—Ä—ã—Ç 
14:55:37.187 [main] INFO  My logger - –û–∂–∏–¥–∞—é –≤—Ö–æ–¥—è—â–µ–µ —Å–æ–æ–±—â–µ–Ω–∏–µ 
14:57:36.127 [main] INFO  My logger - –û–∂–∏–¥–∞—é –≤—Ö–æ–¥—è—â–µ–µ —Å–æ–æ–±—â–µ–Ω–∏–µ 
14:57:36.142 [Thread-5] INFO  My logger - –ü–æ–¥–≥–æ—Ç–æ–≤–ª–µ–Ω SQL –∑–∞–ø—Ä–æ—Å 'SELECT * FROM users WHERE username = ? AND password = ?'. 
14:57:36.283 [Thread-5] INFO  My logger - –í—ã–ø–æ–ª–Ω–µ–Ω –∑–∞–ø—Ä–æ—Å SELECT_USER_BY_USERNAME_AND_PASSWORD: true 
14:57:36.283 [Thread-5] INFO  My logger - –ó–∞–∫—Ä—ã—Ç SQL –∑–∞–ø—Ä–æ—Å 'SELECT * FROM users WHERE username = 'admin' AND password = '81dc9bdb52d04dc20036dbd8313ed055''. 
14:57:36.283 [Thread-6] INFO  My logger - –ù–∞—á–∏–Ω–∞—é –æ—Ç–ø—Ä–∞–≤–∫—É –æ—Ç–≤–µ—Ç–∞ 
14:57:36.283 [Thread-6] INFO  My logger - –ù–∞—á–∏–Ω–∞—é —Å–µ—Ä–∏–∞–ª–∏–∑–∞—Ü–∏—é 
14:57:36.293 [Thread-6] INFO  My logger - –°–µ—Ä–µ–∞–ª–∏–∑–∏—Ä–æ–≤–∞–ª 
14:57:36.293 [Thread-6] INFO  My logger - –û—Ç–ø—Ä–∞–≤–ª–µ–Ω–æ 
14:57:40.711 [main] INFO  My logger - –û–∂–∏–¥–∞—é –≤—Ö–æ–¥—è—â–µ–µ —Å–æ–æ–±—â–µ–Ω–∏–µ 
14:57:40.711 [Thread-7] INFO  My logger - –ü–æ–¥–≥–æ—Ç–æ–≤–ª–µ–Ω SQL –∑–∞–ø—Ä–æ—Å 'SELECT * FROM users WHERE username = ? AND password = ?'. 
14:57:40.742 [Thread-7] INFO  My logger - –í—ã–ø–æ–ª–Ω–µ–Ω –∑–∞–ø—Ä–æ—Å SELECT_USER_BY_USERNAME_AND_PASSWORD: true 
14:57:40.742 [Thread-7] INFO  My logger - –ó–∞–∫—Ä—ã—Ç SQL –∑–∞–ø—Ä–æ—Å 'SELECT * FROM users WHERE username = 'admin' AND password = '81dc9bdb52d04dc20036dbd8313ed055''. 
14:57:40.742 [Thread-7] INFO  My logger - ¬˚Á˚‚‡ÂÚÒˇ ÍÓÏ‡Ì‰‡ show 
14:57:40.796 [Thread-8] INFO  My logger - –ù–∞—á–∏–Ω–∞—é –æ—Ç–ø—Ä–∞–≤–∫—É –æ—Ç–≤–µ—Ç–∞ 
14:57:40.796 [Thread-8] INFO  My logger - –ù–∞—á–∏–Ω–∞—é —Å–µ—Ä–∏–∞–ª–∏–∑–∞—Ü–∏—é 
14:57:40.796 [Thread-8] INFO  My logger - –°–µ—Ä–µ–∞–ª–∏–∑–∏—Ä–æ–≤–∞–ª 
14:57:40.796 [Thread-8] INFO  My logger - –û—Ç–ø—Ä–∞–≤–ª–µ–Ω–æ 
14:57:53.010 [main] INFO  My logger - –û–∂–∏–¥–∞—é –≤—Ö–æ–¥—è—â–µ–µ —Å–æ–æ–±—â–µ–Ω–∏–µ 
14:57:53.010 [Thread-9] INFO  My logger - –ü–æ–¥–≥–æ—Ç–æ–≤–ª–µ–Ω SQL –∑–∞–ø—Ä–æ—Å 'SELECT * FROM users WHERE username = ? AND password = ?'. 
14:57:53.195 [Thread-9] INFO  My logger - –í—ã–ø–æ–ª–Ω–µ–Ω –∑–∞–ø—Ä–æ—Å SELECT_USER_BY_USERNAME_AND_PASSWORD: true 
14:57:53.195 [Thread-9] INFO  My logger - –ó–∞–∫—Ä—ã—Ç SQL –∑–∞–ø—Ä–æ—Å 'SELECT * FROM users WHERE username = 'admin' AND password = '81dc9bdb52d04dc20036dbd8313ed055''. 
14:57:53.195 [Thread-9] INFO  My logger - ¬˚Á˚‚‡ÂÚÒˇ ÍÓÏ‡Ì‰‡ info 
14:57:53.195 [Thread-10] INFO  My logger - –ù–∞—á–∏–Ω–∞—é –æ—Ç–ø—Ä–∞–≤–∫—É –æ—Ç–≤–µ—Ç–∞ 
14:57:53.195 [Thread-10] INFO  My logger - –ù–∞—á–∏–Ω–∞—é —Å–µ—Ä–∏–∞–ª–∏–∑–∞—Ü–∏—é 
14:57:53.195 [Thread-10] INFO  My logger - –°–µ—Ä–µ–∞–ª–∏–∑–∏—Ä–æ–≤–∞–ª 
14:57:53.195 [Thread-10] INFO  My logger - –û—Ç–ø—Ä–∞–≤–ª–µ–Ω–æ 
18:16:33.465 [main] INFO  My logger - –£—Å—Ç–∞–Ω–∞–≤–ª–∏–≤–∞–µ—Ç—Å—è ssh –ø–æ–¥–∫–ª—é—á–µ–Ω–∏–µ –∫ se.ifmo.ru : 2222 
18:16:35.733 [main] INFO  My logger - –ü–æ–¥–∫–ª—é—á–µ–Ω–∏–µ —É—Å—Ç–∞–Ω–æ–≤–ª–µ–Ω–æ. 
18:16:35.749 [main] INFO  My logger - localhost:8594 -> pg:5432 
18:16:36.018 [main] INFO  My logger - –°–æ–µ–¥–∏–Ω–µ–Ω–∏–µ —Å –±–∞–∑–æ–π –¥–∞–Ω–Ω—ã—Ö —É—Å—Ç–∞–Ω–æ–≤–ª–µ–Ω–æ. 
18:16:36.049 [main] INFO  My logger - –ü–æ–¥–≥–æ—Ç–æ–≤–ª–µ–Ω SQL –∑–∞–ø—Ä–æ—Å 'SELECT * FROM flat'. 
18:16:36.118 [main] INFO  My logger - –ü–æ–¥–≥–æ—Ç–æ–≤–ª–µ–Ω SQL –∑–∞–ø—Ä–æ—Å 'SELECT * FROM flat WHERE id = ?'. 
18:16:36.150 [main] INFO  My logger - –í—ã–ø–æ–ª–Ω–µ–Ω –∑–∞–ø—Ä–æ—Å SELECT_STUDY_GROUP_BY_ID. 
18:16:36.150 [main] INFO  My logger - –ó–∞–∫—Ä—ã—Ç SQL –∑–∞–ø—Ä–æ—Å 'SELECT * FROM flat WHERE id = 1'. 
18:16:36.150 [main] INFO  My logger - –ü–æ–¥–≥–æ—Ç–æ–≤–ª–µ–Ω SQL –∑–∞–ø—Ä–æ—Å 'SELECT * FROM coordinates WHERE id = ?'. 
18:16:36.187 [main] INFO  My logger - –í—ã–ø–æ–ª–Ω–µ–Ω –∑–∞–ø—Ä–æ—Å SELECT_COORDINATES_BY_ID. 
18:16:36.187 [main] INFO  My logger - –ó–∞–∫—Ä—ã—Ç SQL –∑–∞–ø—Ä–æ—Å 'SELECT * FROM coordinates WHERE id = 2'. 
18:16:36.187 [main] INFO  My logger - –ü–æ–¥–≥–æ—Ç–æ–≤–ª–µ–Ω SQL –∑–∞–ø—Ä–æ—Å 'SELECT * FROM flat WHERE id = ?'. 
18:16:36.203 [main] INFO  My logger - –í—ã–ø–æ–ª–Ω–µ–Ω –∑–∞–ø—Ä–æ—Å SELECT_STUDY_GROUP_BY_ID. 
18:16:36.219 [main] INFO  My logger - –ó–∞–∫—Ä—ã—Ç SQL –∑–∞–ø—Ä–æ—Å 'SELECT * FROM flat WHERE id = 1'. 
18:16:36.219 [main] INFO  My logger - –ü–æ–¥–≥–æ—Ç–æ–≤–ª–µ–Ω SQL –∑–∞–ø—Ä–æ—Å 'SELECT * FROM house WHERE id = ?'. 
18:16:36.250 [main] INFO  My logger - –í—ã–ø–æ–ª–Ω–µ–Ω –∑–∞–ø—Ä–æ—Å SELECT_HOUSE_BY_ID. 
18:16:36.250 [main] INFO  My logger - –ó–∞–∫—Ä—ã—Ç SQL –∑–∞–ø—Ä–æ—Å 'SELECT * FROM house WHERE id = 2'. 
18:16:36.250 [main] INFO  My logger - –ü–æ–¥–≥–æ—Ç–æ–≤–ª–µ–Ω SQL –∑–∞–ø—Ä–æ—Å 'SELECT * FROM users WHERE id = ?'. 
18:16:36.272 [main] INFO  My logger - –í—ã–ø–æ–ª–Ω–µ–Ω –∑–∞–ø—Ä–æ—Å SELECT_USER_BY_ID. 
18:16:36.288 [main] INFO  My logger - –ó–∞–∫—Ä—ã—Ç SQL –∑–∞–ø—Ä–æ—Å 'SELECT * FROM users WHERE id = 1'. 
18:16:36.288 [main] INFO  My logger - –ü–æ–¥–≥–æ—Ç–æ–≤–ª–µ–Ω SQL –∑–∞–ø—Ä–æ—Å 'SELECT * FROM flat WHERE id = ?'. 
18:16:36.303 [main] INFO  My logger - –í—ã–ø–æ–ª–Ω–µ–Ω –∑–∞–ø—Ä–æ—Å SELECT_STUDY_GROUP_BY_ID. 
18:16:36.303 [main] INFO  My logger - –ó–∞–∫—Ä—ã—Ç SQL –∑–∞–ø—Ä–æ—Å 'SELECT * FROM flat WHERE id = 3'. 
18:16:36.303 [main] INFO  My logger - –ü–æ–¥–≥–æ—Ç–æ–≤–ª–µ–Ω SQL –∑–∞–ø—Ä–æ—Å 'SELECT * FROM coordinates WHERE id = ?'. 
18:16:36.335 [main] INFO  My logger - –í—ã–ø–æ–ª–Ω–µ–Ω –∑–∞–ø—Ä–æ—Å SELECT_COORDINATES_BY_ID. 
18:16:36.335 [main] INFO  My logger - –ó–∞–∫—Ä—ã—Ç SQL –∑–∞–ø—Ä–æ—Å 'SELECT * FROM coordinates WHERE id = 4'. 
18:16:36.335 [main] INFO  My logger - –ü–æ–¥–≥–æ—Ç–æ–≤–ª–µ–Ω SQL –∑–∞–ø—Ä–æ—Å 'SELECT * FROM flat WHERE id = ?'. 
18:16:36.372 [main] INFO  My logger - –í—ã–ø–æ–ª–Ω–µ–Ω –∑–∞–ø—Ä–æ—Å SELECT_STUDY_GROUP_BY_ID. 
18:16:36.372 [main] INFO  My logger - –ó–∞–∫—Ä—ã—Ç SQL –∑–∞–ø—Ä–æ—Å 'SELECT * FROM flat WHERE id = 3'. 
18:16:36.372 [main] INFO  My logger - –ü–æ–¥–≥–æ—Ç–æ–≤–ª–µ–Ω SQL –∑–∞–ø—Ä–æ—Å 'SELECT * FROM house WHERE id = ?'. 
18:16:36.394 [main] INFO  My logger - –í—ã–ø–æ–ª–Ω–µ–Ω –∑–∞–ø—Ä–æ—Å SELECT_HOUSE_BY_ID. 
18:16:36.394 [main] INFO  My logger - –ó–∞–∫—Ä—ã—Ç SQL –∑–∞–ø—Ä–æ—Å 'SELECT * FROM house WHERE id = 4'. 
18:16:36.394 [main] INFO  My logger - –ü–æ–¥–≥–æ—Ç–æ–≤–ª–µ–Ω SQL –∑–∞–ø—Ä–æ—Å 'SELECT * FROM users WHERE id = ?'. 
18:16:36.425 [main] INFO  My logger - –í—ã–ø–æ–ª–Ω–µ–Ω –∑–∞–ø—Ä–æ—Å SELECT_USER_BY_ID. 
18:16:36.425 [main] INFO  My logger - –ó–∞–∫—Ä—ã—Ç SQL –∑–∞–ø—Ä–æ—Å 'SELECT * FROM users WHERE id = 1'. 
18:16:36.425 [main] INFO  My logger - –ó–∞–∫—Ä—ã—Ç SQL –∑–∞–ø—Ä–æ—Å 'SELECT * FROM flat'. 
18:16:36.435 [main] INFO  My logger - –û—Ç–∫—Ä—ã–≤–∞—é —Å–æ–∫–µ—Ç 
18:16:36.445 [main] INFO  My logger - –°–æ–∫–µ—Ç –æ—Ç–∫—Ä—ã—Ç 
18:16:36.445 [main] INFO  My logger - –û–∂–∏–¥–∞—é –≤—Ö–æ–¥—è—â–µ–µ —Å–æ–æ–±—â–µ–Ω–∏–µ 
18:17:06.469 [main] INFO  My logger - –û–∂–∏–¥–∞—é –≤—Ö–æ–¥—è—â–µ–µ —Å–æ–æ–±—â–µ–Ω–∏–µ 
18:17:06.469 [Thread-5] INFO  My logger - –ü–æ–¥–≥–æ—Ç–æ–≤–ª–µ–Ω SQL –∑–∞–ø—Ä–æ—Å 'SELECT * FROM users WHERE username = ? AND password = ?'. 
18:17:06.784 [Thread-5] INFO  My logger - –í—ã–ø–æ–ª–Ω–µ–Ω –∑–∞–ø—Ä–æ—Å SELECT_USER_BY_USERNAME_AND_PASSWORD: true 
18:17:06.784 [Thread-5] INFO  My logger - –ó–∞–∫—Ä—ã—Ç SQL –∑–∞–ø—Ä–æ—Å 'SELECT * FROM users WHERE username = 'admin' AND password = '81dc9bdb52d04dc20036dbd8313ed055''. 
18:17:06.786 [Thread-6] INFO  My logger - –ù–∞—á–∏–Ω–∞—é –æ—Ç–ø—Ä–∞–≤–∫—É –æ—Ç–≤–µ—Ç–∞ 
18:17:06.786 [Thread-6] INFO  My logger - –ù–∞—á–∏–Ω–∞—é —Å–µ—Ä–∏–∞–ª–∏–∑–∞—Ü–∏—é 
18:17:06.794 [Thread-6] INFO  My logger - –°–µ—Ä–µ–∞–ª–∏–∑–∏—Ä–æ–≤–∞–ª 
18:17:06.794 [Thread-6] INFO  My logger - –û—Ç–ø—Ä–∞–≤–ª–µ–Ω–æ 
18:18:23.867 [main] INFO  My logger - –û–∂–∏–¥–∞—é –≤—Ö–æ–¥—è—â–µ–µ —Å–æ–æ–±—â–µ–Ω–∏–µ 
18:18:23.867 [Thread-7] INFO  My logger - –ü–æ–¥–≥–æ—Ç–æ–≤–ª–µ–Ω SQL –∑–∞–ø—Ä–æ—Å 'SELECT * FROM users WHERE username = ? AND password = ?'. 
18:18:23.898 [Thread-7] INFO  My logger - –í—ã–ø–æ–ª–Ω–µ–Ω –∑–∞–ø—Ä–æ—Å SELECT_USER_BY_USERNAME_AND_PASSWORD: true 
18:18:23.898 [Thread-7] INFO  My logger - –ó–∞–∫—Ä—ã—Ç SQL –∑–∞–ø—Ä–æ—Å 'SELECT * FROM users WHERE username = 'admin' AND password = '81dc9bdb52d04dc20036dbd8313ed055''. 
18:18:23.898 [Thread-8] INFO  My logger - –ù–∞—á–∏–Ω–∞—é –æ—Ç–ø—Ä–∞–≤–∫—É –æ—Ç–≤–µ—Ç–∞ 
18:18:23.898 [Thread-8] INFO  My logger - –ù–∞—á–∏–Ω–∞—é —Å–µ—Ä–∏–∞–ª–∏–∑–∞—Ü–∏—é 
18:18:23.898 [Thread-8] INFO  My logger - –°–µ—Ä–µ–∞–ª–∏–∑–∏—Ä–æ–≤–∞–ª 
18:18:23.898 [Thread-8] INFO  My logger - –û—Ç–ø—Ä–∞–≤–ª–µ–Ω–æ 
18:18:49.691 [main] INFO  My logger - –û–∂–∏–¥–∞—é –≤—Ö–æ–¥—è—â–µ–µ —Å–æ–æ–±—â–µ–Ω–∏–µ 
18:18:49.691 [Thread-9] INFO  My logger - –ü–æ–¥–≥–æ—Ç–æ–≤–ª–µ–Ω SQL –∑–∞–ø—Ä–æ—Å 'SELECT * FROM users WHERE username = ? AND password = ?'. 
18:18:49.707 [Thread-9] INFO  My logger - –í—ã–ø–æ–ª–Ω–µ–Ω –∑–∞–ø—Ä–æ—Å SELECT_USER_BY_USERNAME_AND_PASSWORD: true 
18:18:49.707 [Thread-9] INFO  My logger - –ó–∞–∫—Ä—ã—Ç SQL –∑–∞–ø—Ä–æ—Å 'SELECT * FROM users WHERE username = 'admin' AND password = '81dc9bdb52d04dc20036dbd8313ed055''. 
18:18:49.723 [Thread-10] INFO  My logger - –ù–∞—á–∏–Ω–∞—é –æ—Ç–ø—Ä–∞–≤–∫—É –æ—Ç–≤–µ—Ç–∞ 
18:18:49.723 [Thread-10] INFO  My logger - –ù–∞—á–∏–Ω–∞—é —Å–µ—Ä–∏–∞–ª–∏–∑–∞—Ü–∏—é 
18:18:49.723 [Thread-10] INFO  My logger - –°–µ—Ä–µ–∞–ª–∏–∑–∏—Ä–æ–≤–∞–ª 
18:18:49.723 [Thread-10] INFO  My logger - –û—Ç–ø—Ä–∞–≤–ª–µ–Ω–æ 
18:20:45.600 [main] INFO  My logger - –û–∂–∏–¥–∞—é –≤—Ö–æ–¥—è—â–µ–µ —Å–æ–æ–±—â–µ–Ω–∏–µ 
18:20:45.616 [Thread-11] INFO  My logger - –ü–æ–¥–≥–æ—Ç–æ–≤–ª–µ–Ω SQL –∑–∞–ø—Ä–æ—Å 'SELECT * FROM users WHERE username = ? AND password = ?'. 
18:20:45.831 [Thread-11] INFO  My logger - –í—ã–ø–æ–ª–Ω–µ–Ω –∑–∞–ø—Ä–æ—Å SELECT_USER_BY_USERNAME_AND_PASSWORD: true 
18:20:45.831 [Thread-11] INFO  My logger - –ó–∞–∫—Ä—ã—Ç SQL –∑–∞–ø—Ä–æ—Å 'SELECT * FROM users WHERE username = 'admin' AND password = '81dc9bdb52d04dc20036dbd8313ed055''. 
18:20:45.831 [Thread-12] INFO  My logger - –ù–∞—á–∏–Ω–∞—é –æ—Ç–ø—Ä–∞–≤–∫—É –æ—Ç–≤–µ—Ç–∞ 
18:20:45.831 [Thread-12] INFO  My logger - –ù–∞—á–∏–Ω–∞—é —Å–µ—Ä–∏–∞–ª–∏–∑–∞—Ü–∏—é 
18:20:45.831 [Thread-12] INFO  My logger - –°–µ—Ä–µ–∞–ª–∏–∑–∏—Ä–æ–≤–∞–ª 
18:20:45.831 [Thread-12] INFO  My logger - –û—Ç–ø—Ä–∞–≤–ª–µ–Ω–æ 
19:22:47.183 [main] INFO  My logger - –£—Å—Ç–∞–Ω–∞–≤–ª–∏–≤–∞–µ—Ç—Å—è ssh –ø–æ–¥–∫–ª—é—á–µ–Ω–∏–µ –∫ se.ifmo.ru : 2222 
19:22:48.193 [main] INFO  My logger - –ü–æ–¥–∫–ª—é—á–µ–Ω–∏–µ —É—Å—Ç–∞–Ω–æ–≤–ª–µ–Ω–æ. 
19:22:48.208 [main] INFO  My logger - localhost:8594 -> pg:5432 
19:22:48.424 [main] INFO  My logger - –°–æ–µ–¥–∏–Ω–µ–Ω–∏–µ —Å –±–∞–∑–æ–π –¥–∞–Ω–Ω—ã—Ö —É—Å—Ç–∞–Ω–æ–≤–ª–µ–Ω–æ. 
19:22:48.440 [main] INFO  My logger - –ü–æ–¥–≥–æ—Ç–æ–≤–ª–µ–Ω SQL –∑–∞–ø—Ä–æ—Å 'SELECT * FROM flat'. 
19:22:48.509 [main] INFO  My logger - –ü–æ–¥–≥–æ—Ç–æ–≤–ª–µ–Ω SQL –∑–∞–ø—Ä–æ—Å 'SELECT * FROM flat WHERE id = ?'. 
19:22:48.540 [main] INFO  My logger - –í—ã–ø–æ–ª–Ω–µ–Ω –∑–∞–ø—Ä–æ—Å SELECT_STUDY_GROUP_BY_ID. 
19:22:48.540 [main] INFO  My logger - –ó–∞–∫—Ä—ã—Ç SQL –∑–∞–ø—Ä–æ—Å 'SELECT * FROM flat WHERE id = 1'. 
19:22:48.540 [main] INFO  My logger - –ü–æ–¥–≥–æ—Ç–æ–≤–ª–µ–Ω SQL –∑–∞–ø—Ä–æ—Å 'SELECT * FROM coordinates WHERE id = ?'. 
19:22:48.571 [main] INFO  My logger - –í—ã–ø–æ–ª–Ω–µ–Ω –∑–∞–ø—Ä–æ—Å SELECT_COORDINATES_BY_ID. 
19:22:48.578 [main] INFO  My logger - –ó–∞–∫—Ä—ã—Ç SQL –∑–∞–ø—Ä–æ—Å 'SELECT * FROM coordinates WHERE id = 2'. 
19:22:48.578 [main] INFO  My logger - –ü–æ–¥–≥–æ—Ç–æ–≤–ª–µ–Ω SQL –∑–∞–ø—Ä–æ—Å 'SELECT * FROM flat WHERE id = ?'. 
19:22:48.594 [main] INFO  My logger - –í—ã–ø–æ–ª–Ω–µ–Ω –∑–∞–ø—Ä–æ—Å SELECT_STUDY_GROUP_BY_ID. 
19:22:48.594 [main] INFO  My logger - –ó–∞–∫—Ä—ã—Ç SQL –∑–∞–ø—Ä–æ—Å 'SELECT * FROM flat WHERE id = 1'. 
19:22:48.594 [main] INFO  My logger - –ü–æ–¥–≥–æ—Ç–æ–≤–ª–µ–Ω SQL –∑–∞–ø—Ä–æ—Å 'SELECT * FROM house WHERE id = ?'. 
19:22:48.625 [main] INFO  My logger - –í—ã–ø–æ–ª–Ω–µ–Ω –∑–∞–ø—Ä–æ—Å SELECT_HOUSE_BY_ID. 
19:22:48.625 [main] INFO  My logger - –ó–∞–∫—Ä—ã—Ç SQL –∑–∞–ø—Ä–æ—Å 'SELECT * FROM house WHERE id = 2'. 
19:22:48.625 [main] INFO  My logger - –ü–æ–¥–≥–æ—Ç–æ–≤–ª–µ–Ω SQL –∑–∞–ø—Ä–æ—Å 'SELECT * FROM users WHERE id = ?'. 
19:22:48.656 [main] INFO  My logger - –í—ã–ø–æ–ª–Ω–µ–Ω –∑–∞–ø—Ä–æ—Å SELECT_USER_BY_ID. 
19:22:48.656 [main] INFO  My logger - –ó–∞–∫—Ä—ã—Ç SQL –∑–∞–ø—Ä–æ—Å 'SELECT * FROM users WHERE id = 1'. 
19:22:48.656 [main] INFO  My logger - –ü–æ–¥–≥–æ—Ç–æ–≤–ª–µ–Ω SQL –∑–∞–ø—Ä–æ—Å 'SELECT * FROM flat WHERE id = ?'. 
19:22:48.678 [main] INFO  My logger - –í—ã–ø–æ–ª–Ω–µ–Ω –∑–∞–ø—Ä–æ—Å SELECT_STUDY_GROUP_BY_ID. 
19:22:48.678 [main] INFO  My logger - –ó–∞–∫—Ä—ã—Ç SQL –∑–∞–ø—Ä–æ—Å 'SELECT * FROM flat WHERE id = 3'. 
19:22:48.678 [main] INFO  My logger - –ü–æ–¥–≥–æ—Ç–æ–≤–ª–µ–Ω SQL –∑–∞–ø—Ä–æ—Å 'SELECT * FROM coordinates WHERE id = ?'. 
19:22:48.710 [main] INFO  My logger - –í—ã–ø–æ–ª–Ω–µ–Ω –∑–∞–ø—Ä–æ—Å SELECT_COORDINATES_BY_ID. 
19:22:48.710 [main] INFO  My logger - –ó–∞–∫—Ä—ã—Ç SQL –∑–∞–ø—Ä–æ—Å 'SELECT * FROM coordinates WHERE id = 4'. 
19:22:48.710 [main] INFO  My logger - –ü–æ–¥–≥–æ—Ç–æ–≤–ª–µ–Ω SQL –∑–∞–ø—Ä–æ—Å 'SELECT * FROM flat WHERE id = ?'. 
19:22:48.725 [main] INFO  My logger - –í—ã–ø–æ–ª–Ω–µ–Ω –∑–∞–ø—Ä–æ—Å SELECT_STUDY_GROUP_BY_ID. 
19:22:48.725 [main] INFO  My logger - –ó–∞–∫—Ä—ã—Ç SQL –∑–∞–ø—Ä–æ—Å 'SELECT * FROM flat WHERE id = 3'. 
19:22:48.725 [main] INFO  My logger - –ü–æ–¥–≥–æ—Ç–æ–≤–ª–µ–Ω SQL –∑–∞–ø—Ä–æ—Å 'SELECT * FROM house WHERE id = ?'. 
19:22:48.756 [main] INFO  My logger - –í—ã–ø–æ–ª–Ω–µ–Ω –∑–∞–ø—Ä–æ—Å SELECT_HOUSE_BY_ID. 
19:22:48.756 [main] INFO  My logger - –ó–∞–∫—Ä—ã—Ç SQL –∑–∞–ø—Ä–æ—Å 'SELECT * FROM house WHERE id = 4'. 
19:22:48.756 [main] INFO  My logger - –ü–æ–¥–≥–æ—Ç–æ–≤–ª–µ–Ω SQL –∑–∞–ø—Ä–æ—Å 'SELECT * FROM users WHERE id = ?'. 
19:22:48.779 [main] INFO  My logger - –í—ã–ø–æ–ª–Ω–µ–Ω –∑–∞–ø—Ä–æ—Å SELECT_USER_BY_ID. 
19:22:48.779 [main] INFO  My logger - –ó–∞–∫—Ä—ã—Ç SQL –∑–∞–ø—Ä–æ—Å 'SELECT * FROM users WHERE id = 1'. 
19:22:48.779 [main] INFO  My logger - –ó–∞–∫—Ä—ã—Ç SQL –∑–∞–ø—Ä–æ—Å 'SELECT * FROM flat'. 
19:22:48.810 [main] INFO  My logger - –û—Ç–∫—Ä—ã–≤–∞—é —Å–æ–∫–µ—Ç 
19:22:48.810 [main] INFO  My logger - –°–æ–∫–µ—Ç –æ—Ç–∫—Ä—ã—Ç 
19:22:48.810 [main] INFO  My logger - –û–∂–∏–¥–∞—é –≤—Ö–æ–¥—è—â–µ–µ —Å–æ–æ–±—â–µ–Ω–∏–µ 
19:23:13.322 [main] INFO  My logger - –û–∂–∏–¥–∞—é –≤—Ö–æ–¥—è—â–µ–µ —Å–æ–æ–±—â–µ–Ω–∏–µ 
19:23:13.322 [Thread-5] INFO  My logger - –ü–æ–¥–≥–æ—Ç–æ–≤–ª–µ–Ω SQL –∑–∞–ø—Ä–æ—Å 'SELECT * FROM users WHERE username = ?'. 
19:23:13.354 [Thread-5] INFO  My logger - –í—ã–ø–æ–ª–Ω–µ–Ω –∑–∞–ø—Ä–æ—Å SELECT_USER_BY_USERNAME. 
19:23:13.354 [Thread-5] INFO  My logger - –ó–∞–∫—Ä—ã—Ç SQL –∑–∞–ø—Ä–æ—Å 'SELECT * FROM users WHERE username = 'admin''. 
19:23:13.354 [Thread-6] INFO  My logger - –ù–∞—á–∏–Ω–∞—é –æ—Ç–ø—Ä–∞–≤–∫—É –æ—Ç–≤–µ—Ç–∞ 
19:23:13.354 [Thread-6] INFO  My logger - –ù–∞—á–∏–Ω–∞—é —Å–µ—Ä–∏–∞–ª–∏–∑–∞—Ü–∏—é 
19:23:13.354 [Thread-6] INFO  My logger - –°–µ—Ä–µ–∞–ª–∏–∑–∏—Ä–æ–≤–∞–ª 
19:23:13.354 [Thread-6] INFO  My logger - –û—Ç–ø—Ä–∞–≤–ª–µ–Ω–æ 
19:23:14.414 [main] INFO  My logger - –û–∂–∏–¥–∞—é –≤—Ö–æ–¥—è—â–µ–µ —Å–æ–æ–±—â–µ–Ω–∏–µ 
19:23:14.414 [Thread-7] INFO  My logger - –ü–æ–¥–≥–æ—Ç–æ–≤–ª–µ–Ω SQL –∑–∞–ø—Ä–æ—Å 'SELECT * FROM users WHERE username = ? AND password = ?'. 
19:23:14.452 [Thread-7] INFO  My logger - –í—ã–ø–æ–ª–Ω–µ–Ω –∑–∞–ø—Ä–æ—Å SELECT_USER_BY_USERNAME_AND_PASSWORD: true 
19:23:14.452 [Thread-7] INFO  My logger - –ó–∞–∫—Ä—ã—Ç SQL –∑–∞–ø—Ä–æ—Å 'SELECT * FROM users WHERE username = 'admin' AND password = '81dc9bdb52d04dc20036dbd8313ed055''. 
19:23:14.452 [Thread-8] INFO  My logger - –ù–∞—á–∏–Ω–∞—é –æ—Ç–ø—Ä–∞–≤–∫—É –æ—Ç–≤–µ—Ç–∞ 
19:23:14.452 [Thread-8] INFO  My logger - –ù–∞—á–∏–Ω–∞—é —Å–µ—Ä–∏–∞–ª–∏–∑–∞—Ü–∏—é 
19:23:14.452 [Thread-8] INFO  My logger - –°–µ—Ä–µ–∞–ª–∏–∑–∏—Ä–æ–≤–∞–ª 
19:23:14.452 [Thread-8] INFO  My logger - –û—Ç–ø—Ä–∞–≤–ª–µ–Ω–æ 
19:23:55.093 [main] INFO  My logger - –û–∂–∏–¥–∞—é –≤—Ö–æ–¥—è—â–µ–µ —Å–æ–æ–±—â–µ–Ω–∏–µ 
19:23:55.093 [Thread-9] INFO  My logger - –ü–æ–¥–≥–æ—Ç–æ–≤–ª–µ–Ω SQL –∑–∞–ø—Ä–æ—Å 'SELECT * FROM users WHERE username = ? AND password = ?'. 
19:23:55.109 [Thread-9] INFO  My logger - –í—ã–ø–æ–ª–Ω–µ–Ω –∑–∞–ø—Ä–æ—Å SELECT_USER_BY_USERNAME_AND_PASSWORD: true 
19:23:55.109 [Thread-9] INFO  My logger - –ó–∞–∫—Ä—ã—Ç SQL –∑–∞–ø—Ä–æ—Å 'SELECT * FROM users WHERE username = 'admin' AND password = '81dc9bdb52d04dc20036dbd8313ed055''. 
19:23:55.109 [Thread-10] INFO  My logger - –ù–∞—á–∏–Ω–∞—é –æ—Ç–ø—Ä–∞–≤–∫—É –æ—Ç–≤–µ—Ç–∞ 
19:23:55.109 [Thread-10] INFO  My logger - –ù–∞—á–∏–Ω–∞—é —Å–µ—Ä–∏–∞–ª–∏–∑–∞—Ü–∏—é 
19:23:55.109 [Thread-10] INFO  My logger - –°–µ—Ä–µ–∞–ª–∏–∑–∏—Ä–æ–≤–∞–ª 
19:23:55.109 [Thread-10] INFO  My logger - –û—Ç–ø—Ä–∞–≤–ª–µ–Ω–æ 
19:35:40.715 [main] INFO  My logger - –û–∂–∏–¥–∞—é –≤—Ö–æ–¥—è—â–µ–µ —Å–æ–æ–±—â–µ–Ω–∏–µ 
19:35:40.719 [Thread-11] INFO  My logger - –ü–æ–¥–≥–æ—Ç–æ–≤–ª–µ–Ω SQL –∑–∞–ø—Ä–æ—Å 'SELECT * FROM users WHERE username = ? AND password = ?'. 
19:35:40.751 [Thread-11] INFO  My logger - –í—ã–ø–æ–ª–Ω–µ–Ω –∑–∞–ø—Ä–æ—Å SELECT_USER_BY_USERNAME_AND_PASSWORD: true 
19:35:40.751 [Thread-11] INFO  My logger - –ó–∞–∫—Ä—ã—Ç SQL –∑–∞–ø—Ä–æ—Å 'SELECT * FROM users WHERE username = 'admin' AND password = '81dc9bdb52d04dc20036dbd8313ed055''. 
19:35:40.751 [Thread-12] INFO  My logger - –ù–∞—á–∏–Ω–∞—é –æ—Ç–ø—Ä–∞–≤–∫—É –æ—Ç–≤–µ—Ç–∞ 
19:35:40.751 [Thread-12] INFO  My logger - –ù–∞—á–∏–Ω–∞—é —Å–µ—Ä–∏–∞–ª–∏–∑–∞—Ü–∏—é 
19:35:40.755 [Thread-12] INFO  My logger - –°–µ—Ä–µ–∞–ª–∏–∑–∏—Ä–æ–≤–∞–ª 
19:35:40.755 [Thread-12] INFO  My logger - –û—Ç–ø—Ä–∞–≤–ª–µ–Ω–æ 
20:18:58.920 [main] INFO  My logger - –£—Å—Ç–∞–Ω–∞–≤–ª–∏–≤–∞–µ—Ç—Å—è ssh –ø–æ–¥–∫–ª—é—á–µ–Ω–∏–µ –∫ se.ifmo.ru : 2222 
20:18:59.797 [main] INFO  My logger - –ü–æ–¥–∫–ª—é—á–µ–Ω–∏–µ —É—Å—Ç–∞–Ω–æ–≤–ª–µ–Ω–æ. 
20:18:59.805 [main] INFO  My logger - localhost:8594 -> pg:5432 
20:19:00.034 [main] INFO  My logger - –°–æ–µ–¥–∏–Ω–µ–Ω–∏–µ —Å –±–∞–∑–æ–π –¥–∞–Ω–Ω—ã—Ö —É—Å—Ç–∞–Ω–æ–≤–ª–µ–Ω–æ. 
20:19:00.056 [main] INFO  My logger - –ü–æ–¥–≥–æ—Ç–æ–≤–ª–µ–Ω SQL –∑–∞–ø—Ä–æ—Å 'SELECT * FROM flat'. 
20:19:00.118 [main] INFO  My logger - –ü–æ–¥–≥–æ—Ç–æ–≤–ª–µ–Ω SQL –∑–∞–ø—Ä–æ—Å 'SELECT * FROM flat WHERE id = ?'. 
20:19:00.134 [main] INFO  My logger - –í—ã–ø–æ–ª–Ω–µ–Ω –∑–∞–ø—Ä–æ—Å SELECT_STUDY_GROUP_BY_ID. 
20:19:00.134 [main] INFO  My logger - –ó–∞–∫—Ä—ã—Ç SQL –∑–∞–ø—Ä–æ—Å 'SELECT * FROM flat WHERE id = 1'. 
20:19:00.134 [main] INFO  My logger - –ü–æ–¥–≥–æ—Ç–æ–≤–ª–µ–Ω SQL –∑–∞–ø—Ä–æ—Å 'SELECT * FROM coordinates WHERE id = ?'. 
20:19:00.172 [main] INFO  My logger - –í—ã–ø–æ–ª–Ω–µ–Ω –∑–∞–ø—Ä–æ—Å SELECT_COORDINATES_BY_ID. 
20:19:00.172 [main] INFO  My logger - –ó–∞–∫—Ä—ã—Ç SQL –∑–∞–ø—Ä–æ—Å 'SELECT * FROM coordinates WHERE id = 2'. 
20:19:00.172 [main] INFO  My logger - –ü–æ–¥–≥–æ—Ç–æ–≤–ª–µ–Ω SQL –∑–∞–ø—Ä–æ—Å 'SELECT * FROM flat WHERE id = ?'. 
20:19:00.203 [main] INFO  My logger - –í—ã–ø–æ–ª–Ω–µ–Ω –∑–∞–ø—Ä–æ—Å SELECT_STUDY_GROUP_BY_ID. 
20:19:00.203 [main] INFO  My logger - –ó–∞–∫—Ä—ã—Ç SQL –∑–∞–ø—Ä–æ—Å 'SELECT * FROM flat WHERE id = 1'. 
20:19:00.203 [main] INFO  My logger - –ü–æ–¥–≥–æ—Ç–æ–≤–ª–µ–Ω SQL –∑–∞–ø—Ä–æ—Å 'SELECT * FROM house WHERE id = ?'. 
20:19:00.219 [main] INFO  My logger - –í—ã–ø–æ–ª–Ω–µ–Ω –∑–∞–ø—Ä–æ—Å SELECT_HOUSE_BY_ID. 
20:19:00.219 [main] INFO  My logger - –ó–∞–∫—Ä—ã—Ç SQL –∑–∞–ø—Ä–æ—Å 'SELECT * FROM house WHERE id = 2'. 
20:19:00.219 [main] INFO  My logger - –ü–æ–¥–≥–æ—Ç–æ–≤–ª–µ–Ω SQL –∑–∞–ø—Ä–æ—Å 'SELECT * FROM users WHERE id = ?'. 
20:19:00.256 [main] INFO  My logger - –í—ã–ø–æ–ª–Ω–µ–Ω –∑–∞–ø—Ä–æ—Å SELECT_USER_BY_ID. 
20:19:00.256 [main] INFO  My logger - –ó–∞–∫—Ä—ã—Ç SQL –∑–∞–ø—Ä–æ—Å 'SELECT * FROM users WHERE id = 1'. 
20:19:00.256 [main] INFO  My logger - –ü–æ–¥–≥–æ—Ç–æ–≤–ª–µ–Ω SQL –∑–∞–ø—Ä–æ—Å 'SELECT * FROM flat WHERE id = ?'. 
20:19:00.288 [main] INFO  My logger - –í—ã–ø–æ–ª–Ω–µ–Ω –∑–∞–ø—Ä–æ—Å SELECT_STUDY_GROUP_BY_ID. 
20:19:00.288 [main] INFO  My logger - –ó–∞–∫—Ä—ã—Ç SQL –∑–∞–ø—Ä–æ—Å 'SELECT * FROM flat WHERE id = 3'. 
20:19:00.288 [main] INFO  My logger - –ü–æ–¥–≥–æ—Ç–æ–≤–ª–µ–Ω SQL –∑–∞–ø—Ä–æ—Å 'SELECT * FROM coordinates WHERE id = ?'. 
20:19:00.303 [main] INFO  My logger - –í—ã–ø–æ–ª–Ω–µ–Ω –∑–∞–ø—Ä–æ—Å SELECT_COORDINATES_BY_ID. 
20:19:00.303 [main] INFO  My logger - –ó–∞–∫—Ä—ã—Ç SQL –∑–∞–ø—Ä–æ—Å 'SELECT * FROM coordinates WHERE id = 4'. 
20:19:00.303 [main] INFO  My logger - –ü–æ–¥–≥–æ—Ç–æ–≤–ª–µ–Ω SQL –∑–∞–ø—Ä–æ—Å 'SELECT * FROM flat WHERE id = ?'. 
20:19:00.335 [main] INFO  My logger - –í—ã–ø–æ–ª–Ω–µ–Ω –∑–∞–ø—Ä–æ—Å SELECT_STUDY_GROUP_BY_ID. 
20:19:00.335 [main] INFO  My logger - –ó–∞–∫—Ä—ã—Ç SQL –∑–∞–ø—Ä–æ—Å 'SELECT * FROM flat WHERE id = 3'. 
20:19:00.335 [main] INFO  My logger - –ü–æ–¥–≥–æ—Ç–æ–≤–ª–µ–Ω SQL –∑–∞–ø—Ä–æ—Å 'SELECT * FROM house WHERE id = ?'. 
20:19:00.357 [main] INFO  My logger - –í—ã–ø–æ–ª–Ω–µ–Ω –∑–∞–ø—Ä–æ—Å SELECT_HOUSE_BY_ID. 
20:19:00.357 [main] INFO  My logger - –ó–∞–∫—Ä—ã—Ç SQL –∑–∞–ø—Ä–æ—Å 'SELECT * FROM house WHERE id = 4'. 
20:19:00.357 [main] INFO  My logger - –ü–æ–¥–≥–æ—Ç–æ–≤–ª–µ–Ω SQL –∑–∞–ø—Ä–æ—Å 'SELECT * FROM users WHERE id = ?'. 
20:19:00.388 [main] INFO  My logger - –í—ã–ø–æ–ª–Ω–µ–Ω –∑–∞–ø—Ä–æ—Å SELECT_USER_BY_ID. 
20:19:00.388 [main] INFO  My logger - –ó–∞–∫—Ä—ã—Ç SQL –∑–∞–ø—Ä–æ—Å 'SELECT * FROM users WHERE id = 1'. 
20:19:00.388 [main] INFO  My logger - –ó–∞–∫—Ä—ã—Ç SQL –∑–∞–ø—Ä–æ—Å 'SELECT * FROM flat'. 
20:19:00.404 [main] INFO  My logger - –û—Ç–∫—Ä—ã–≤–∞—é —Å–æ–∫–µ—Ç 
20:19:00.419 [main] INFO  My logger - –°–æ–∫–µ—Ç –æ—Ç–∫—Ä—ã—Ç 
20:19:00.419 [main] INFO  My logger - –û–∂–∏–¥–∞—é –≤—Ö–æ–¥—è—â–µ–µ —Å–æ–æ–±—â–µ–Ω–∏–µ 
20:19:26.677 [main] INFO  My logger - –û–∂–∏–¥–∞—é –≤—Ö–æ–¥—è—â–µ–µ —Å–æ–æ–±—â–µ–Ω–∏–µ 
20:19:26.677 [Thread-5] INFO  My logger - –ü–æ–¥–≥–æ—Ç–æ–≤–ª–µ–Ω SQL –∑–∞–ø—Ä–æ—Å 'SELECT * FROM users WHERE username = ? AND password = ?'. 
20:19:26.708 [Thread-5] INFO  My logger - –í—ã–ø–æ–ª–Ω–µ–Ω –∑–∞–ø—Ä–æ—Å SELECT_USER_BY_USERNAME_AND_PASSWORD: true 
20:19:26.708 [Thread-5] INFO  My logger - –ó–∞–∫—Ä—ã—Ç SQL –∑–∞–ø—Ä–æ—Å 'SELECT * FROM users WHERE username = 'admin' AND password = '81dc9bdb52d04dc20036dbd8313ed055''. 
20:19:26.724 [Thread-6] INFO  My logger - –ù–∞—á–∏–Ω–∞—é –æ—Ç–ø—Ä–∞–≤–∫—É –æ—Ç–≤–µ—Ç–∞ 
20:19:26.724 [Thread-6] INFO  My logger - –ù–∞—á–∏–Ω–∞—é —Å–µ—Ä–∏–∞–ª–∏–∑–∞—Ü–∏—é 
20:19:26.724 [Thread-6] INFO  My logger - –°–µ—Ä–µ–∞–ª–∏–∑–∏—Ä–æ–≤–∞–ª 
20:19:26.724 [Thread-6] INFO  My logger - –û—Ç–ø—Ä–∞–≤–ª–µ–Ω–æ 
20:23:07.945 [main] INFO  My logger - –û–∂–∏–¥–∞—é –≤—Ö–æ–¥—è—â–µ–µ —Å–æ–æ–±—â–µ–Ω–∏–µ 
20:23:07.945 [Thread-7] INFO  My logger - –ü–æ–¥–≥–æ—Ç–æ–≤–ª–µ–Ω SQL –∑–∞–ø—Ä–æ—Å 'SELECT * FROM users WHERE username = ? AND password = ?'. 
20:23:07.983 [Thread-7] INFO  My logger - –í—ã–ø–æ–ª–Ω–µ–Ω –∑–∞–ø—Ä–æ—Å SELECT_USER_BY_USERNAME_AND_PASSWORD: true 
20:23:07.983 [Thread-7] INFO  My logger - –ó–∞–∫—Ä—ã—Ç SQL –∑–∞–ø—Ä–æ—Å 'SELECT * FROM users WHERE username = 'admin' AND password = '81dc9bdb52d04dc20036dbd8313ed055''. 
20:23:07.983 [Thread-8] INFO  My logger - –ù–∞—á–∏–Ω–∞—é –æ—Ç–ø—Ä–∞–≤–∫—É –æ—Ç–≤–µ—Ç–∞ 
20:23:07.983 [Thread-8] INFO  My logger - –ù–∞—á–∏–Ω–∞—é —Å–µ—Ä–∏–∞–ª–∏–∑–∞—Ü–∏—é 
20:23:07.983 [Thread-8] INFO  My logger - –°–µ—Ä–µ–∞–ª–∏–∑–∏—Ä–æ–≤–∞–ª 
20:23:07.983 [Thread-8] INFO  My logger - –û—Ç–ø—Ä–∞–≤–ª–µ–Ω–æ 
20:23:09.195 [main] INFO  My logger - –û–∂–∏–¥–∞—é –≤—Ö–æ–¥—è—â–µ–µ —Å–æ–æ–±—â–µ–Ω–∏–µ 
20:23:09.195 [Thread-9] INFO  My logger - –ü–æ–¥–≥–æ—Ç–æ–≤–ª–µ–Ω SQL –∑–∞–ø—Ä–æ—Å 'SELECT * FROM users WHERE username = ? AND password = ?'. 
20:23:09.226 [Thread-9] INFO  My logger - –í—ã–ø–æ–ª–Ω–µ–Ω –∑–∞–ø—Ä–æ—Å SELECT_USER_BY_USERNAME_AND_PASSWORD: true 
20:23:09.237 [Thread-9] INFO  My logger - –ó–∞–∫—Ä—ã—Ç SQL –∑–∞–ø—Ä–æ—Å 'SELECT * FROM users WHERE username = 'admin' AND password = '81dc9bdb52d04dc20036dbd8313ed055''. 
20:23:09.238 [Thread-9] INFO  My logger - ¬˚Á˚‚‡ÂÚÒˇ ÍÓÏ‡Ì‰‡ get_collection 
20:23:09.239 [Thread-10] INFO  My logger - –ù–∞—á–∏–Ω–∞—é –æ—Ç–ø—Ä–∞–≤–∫—É –æ—Ç–≤–µ—Ç–∞ 
20:23:09.244 [Thread-10] INFO  My logger - –ù–∞—á–∏–Ω–∞—é —Å–µ—Ä–∏–∞–ª–∏–∑–∞—Ü–∏—é 
20:23:09.273 [Thread-10] INFO  My logger - –°–µ—Ä–µ–∞–ª–∏–∑–∏—Ä–æ–≤–∞–ª 
20:23:09.274 [Thread-10] INFO  My logger - –û—Ç–ø—Ä–∞–≤–ª–µ–Ω–æ 
20:23:13.971 [main] INFO  My logger - –û–∂–∏–¥–∞—é –≤—Ö–æ–¥—è—â–µ–µ —Å–æ–æ–±—â–µ–Ω–∏–µ 
20:23:13.971 [Thread-11] INFO  My logger - –ü–æ–¥–≥–æ—Ç–æ–≤–ª–µ–Ω SQL –∑–∞–ø—Ä–æ—Å 'SELECT * FROM users WHERE username = ? AND password = ?'. 
20:23:14.203 [Thread-11] INFO  My logger - –í—ã–ø–æ–ª–Ω–µ–Ω –∑–∞–ø—Ä–æ—Å SELECT_USER_BY_USERNAME_AND_PASSWORD: true 
20:23:14.203 [Thread-11] INFO  My logger - –ó–∞–∫—Ä—ã—Ç SQL –∑–∞–ø—Ä–æ—Å 'SELECT * FROM users WHERE username = 'admin' AND password = '81dc9bdb52d04dc20036dbd8313ed055''. 
20:23:14.203 [Thread-11] INFO  My logger - ¬˚Á˚‚‡ÂÚÒˇ ÍÓÏ‡Ì‰‡ get_collection 
20:23:14.203 [Thread-12] INFO  My logger - –ù–∞—á–∏–Ω–∞—é –æ—Ç–ø—Ä–∞–≤–∫—É –æ—Ç–≤–µ—Ç–∞ 
20:23:14.203 [Thread-12] INFO  My logger - –ù–∞—á–∏–Ω–∞—é —Å–µ—Ä–∏–∞–ª–∏–∑–∞—Ü–∏—é 
20:23:14.203 [Thread-12] INFO  My logger - –°–µ—Ä–µ–∞–ª–∏–∑–∏—Ä–æ–≤–∞–ª 
20:23:14.203 [Thread-12] INFO  My logger - –û—Ç–ø—Ä–∞–≤–ª–µ–Ω–æ 
17:56:03.244 [main] INFO  My logger - –£—Å—Ç–∞–Ω–∞–≤–ª–∏–≤–∞–µ—Ç—Å—è ssh –ø–æ–¥–∫–ª—é—á–µ–Ω–∏–µ –∫ se.ifmo.ru : 2222 
17:56:04.300 [main] INFO  My logger - –ü–æ–¥–∫–ª—é—á–µ–Ω–∏–µ —É—Å—Ç–∞–Ω–æ–≤–ª–µ–Ω–æ. 
17:56:04.309 [main] INFO  My logger - localhost:8594 -> pg:5432 
17:56:04.493 [main] INFO  My logger - –°–æ–µ–¥–∏–Ω–µ–Ω–∏–µ —Å –±–∞–∑–æ–π –¥–∞–Ω–Ω—ã—Ö —É—Å—Ç–∞–Ω–æ–≤–ª–µ–Ω–æ. 
17:56:04.515 [main] INFO  My logger - –ü–æ–¥–≥–æ—Ç–æ–≤–ª–µ–Ω SQL –∑–∞–ø—Ä–æ—Å 'SELECT * FROM flat'. 
17:56:04.551 [main] INFO  My logger - –ü–æ–¥–≥–æ—Ç–æ–≤–ª–µ–Ω SQL –∑–∞–ø—Ä–æ—Å 'SELECT * FROM flat WHERE id = ?'. 
17:56:04.558 [main] INFO  My logger - –í—ã–ø–æ–ª–Ω–µ–Ω –∑–∞–ø—Ä–æ—Å SELECT_STUDY_GROUP_BY_ID. 
17:56:04.559 [main] INFO  My logger - –ó–∞–∫—Ä—ã—Ç SQL –∑–∞–ø—Ä–æ—Å 'SELECT * FROM flat WHERE id = 1'. 
17:56:04.560 [main] INFO  My logger - –ü–æ–¥–≥–æ—Ç–æ–≤–ª–µ–Ω SQL –∑–∞–ø—Ä–æ—Å 'SELECT * FROM coordinates WHERE id = ?'. 
17:56:04.565 [main] INFO  My logger - –í—ã–ø–æ–ª–Ω–µ–Ω –∑–∞–ø—Ä–æ—Å SELECT_COORDINATES_BY_ID. 
17:56:04.566 [main] INFO  My logger - –ó–∞–∫—Ä—ã—Ç SQL –∑–∞–ø—Ä–æ—Å 'SELECT * FROM coordinates WHERE id = 2'. 
17:56:04.567 [main] INFO  My logger - –ü–æ–¥–≥–æ—Ç–æ–≤–ª–µ–Ω SQL –∑–∞–ø—Ä–æ—Å 'SELECT * FROM flat WHERE id = ?'. 
17:56:04.572 [main] INFO  My logger - –í—ã–ø–æ–ª–Ω–µ–Ω –∑–∞–ø—Ä–æ—Å SELECT_STUDY_GROUP_BY_ID. 
17:56:04.573 [main] INFO  My logger - –ó–∞–∫—Ä—ã—Ç SQL –∑–∞–ø—Ä–æ—Å 'SELECT * FROM flat WHERE id = 1'. 
17:56:04.573 [main] INFO  My logger - –ü–æ–¥–≥–æ—Ç–æ–≤–ª–µ–Ω SQL –∑–∞–ø—Ä–æ—Å 'SELECT * FROM house WHERE id = ?'. 
17:56:04.580 [main] INFO  My logger - –í—ã–ø–æ–ª–Ω–µ–Ω –∑–∞–ø—Ä–æ—Å SELECT_HOUSE_BY_ID. 
17:56:04.581 [main] INFO  My logger - –ó–∞–∫—Ä—ã—Ç SQL –∑–∞–ø—Ä–æ—Å 'SELECT * FROM house WHERE id = 2'. 
17:56:04.582 [main] INFO  My logger - –ü–æ–¥–≥–æ—Ç–æ–≤–ª–µ–Ω SQL –∑–∞–ø—Ä–æ—Å 'SELECT * FROM users WHERE id = ?'. 
17:56:04.586 [main] INFO  My logger - –í—ã–ø–æ–ª–Ω–µ–Ω –∑–∞–ø—Ä–æ—Å SELECT_USER_BY_ID. 
17:56:04.588 [main] INFO  My logger - –ó–∞–∫—Ä—ã—Ç SQL –∑–∞–ø—Ä–æ—Å 'SELECT * FROM users WHERE id = 1'. 
17:56:04.590 [main] INFO  My logger - –ü–æ–¥–≥–æ—Ç–æ–≤–ª–µ–Ω SQL –∑–∞–ø—Ä–æ—Å 'SELECT * FROM flat WHERE id = ?'. 
17:56:04.595 [main] INFO  My logger - –í—ã–ø–æ–ª–Ω–µ–Ω –∑–∞–ø—Ä–æ—Å SELECT_STUDY_GROUP_BY_ID. 
17:56:04.595 [main] INFO  My logger - –ó–∞–∫—Ä—ã—Ç SQL –∑–∞–ø—Ä–æ—Å 'SELECT * FROM flat WHERE id = 3'. 
17:56:04.595 [main] INFO  My logger - –ü–æ–¥–≥–æ—Ç–æ–≤–ª–µ–Ω SQL –∑–∞–ø—Ä–æ—Å 'SELECT * FROM coordinates WHERE id = ?'. 
17:56:04.599 [main] INFO  My logger - –í—ã–ø–æ–ª–Ω–µ–Ω –∑–∞–ø—Ä–æ—Å SELECT_COORDINATES_BY_ID. 
17:56:04.600 [main] INFO  My logger - –ó–∞–∫—Ä—ã—Ç SQL –∑–∞–ø—Ä–æ—Å 'SELECT * FROM coordinates WHERE id = 4'. 
17:56:04.601 [main] INFO  My logger - –ü–æ–¥–≥–æ—Ç–æ–≤–ª–µ–Ω SQL –∑–∞–ø—Ä–æ—Å 'SELECT * FROM flat WHERE id = ?'. 
17:56:04.606 [main] INFO  My logger - –í—ã–ø–æ–ª–Ω–µ–Ω –∑–∞–ø—Ä–æ—Å SELECT_STUDY_GROUP_BY_ID. 
17:56:04.607 [main] INFO  My logger - –ó–∞–∫—Ä—ã—Ç SQL –∑–∞–ø—Ä–æ—Å 'SELECT * FROM flat WHERE id = 3'. 
17:56:04.607 [main] INFO  My logger - –ü–æ–¥–≥–æ—Ç–æ–≤–ª–µ–Ω SQL –∑–∞–ø—Ä–æ—Å 'SELECT * FROM house WHERE id = ?'. 
17:56:04.617 [main] INFO  My logger - –í—ã–ø–æ–ª–Ω–µ–Ω –∑–∞–ø—Ä–æ—Å SELECT_HOUSE_BY_ID. 
17:56:04.618 [main] INFO  My logger - –ó–∞–∫—Ä—ã—Ç SQL –∑–∞–ø—Ä–æ—Å 'SELECT * FROM house WHERE id = 4'. 
17:56:04.619 [main] INFO  My logger - –ü–æ–¥–≥–æ—Ç–æ–≤–ª–µ–Ω SQL –∑–∞–ø—Ä–æ—Å 'SELECT * FROM users WHERE id = ?'. 
17:56:04.623 [main] INFO  My logger - –í—ã–ø–æ–ª–Ω–µ–Ω –∑–∞–ø—Ä–æ—Å SELECT_USER_BY_ID. 
17:56:04.623 [main] INFO  My logger - –ó–∞–∫—Ä—ã—Ç SQL –∑–∞–ø—Ä–æ—Å 'SELECT * FROM users WHERE id = 1'. 
17:56:04.623 [main] INFO  My logger - –ó–∞–∫—Ä—ã—Ç SQL –∑–∞–ø—Ä–æ—Å 'SELECT * FROM flat'. 
17:56:04.636 [main] INFO  My logger - –û—Ç–∫—Ä—ã–≤–∞—é —Å–æ–∫–µ—Ç 
17:56:04.649 [main] INFO  My logger - –°–æ–∫–µ—Ç –æ—Ç–∫—Ä—ã—Ç 
17:56:04.650 [main] INFO  My logger - –û–∂–∏–¥–∞—é –≤—Ö–æ–¥—è—â–µ–µ —Å–æ–æ–±—â–µ–Ω–∏–µ 
17:56:34.780 [main] INFO  My logger - –û–∂–∏–¥–∞—é –≤—Ö–æ–¥—è—â–µ–µ —Å–æ–æ–±—â–µ–Ω–∏–µ 
17:56:34.782 [Thread-5] INFO  My logger - –ü–æ–¥–≥–æ—Ç–æ–≤–ª–µ–Ω SQL –∑–∞–ø—Ä–æ—Å 'SELECT * FROM users WHERE username = ? AND password = ?'. 
17:56:34.793 [Thread-5] INFO  My logger - –í—ã–ø–æ–ª–Ω–µ–Ω –∑–∞–ø—Ä–æ—Å SELECT_USER_BY_USERNAME_AND_PASSWORD: true 
17:56:34.793 [Thread-5] INFO  My logger - –ó–∞–∫—Ä—ã—Ç SQL –∑–∞–ø—Ä–æ—Å 'SELECT * FROM users WHERE username = 'admin' AND password = '81dc9bdb52d04dc20036dbd8313ed055''. 
17:56:34.795 [Thread-6] INFO  My logger - –ù–∞—á–∏–Ω–∞—é –æ—Ç–ø—Ä–∞–≤–∫—É –æ—Ç–≤–µ—Ç–∞ 
17:56:34.796 [Thread-6] INFO  My logger - –ù–∞—á–∏–Ω–∞—é —Å–µ—Ä–∏–∞–ª–∏–∑–∞—Ü–∏—é 
17:56:34.803 [Thread-6] INFO  My logger - –°–µ—Ä–µ–∞–ª–∏–∑–∏—Ä–æ–≤–∞–ª 
17:56:34.805 [Thread-6] INFO  My logger - –û—Ç–ø—Ä–∞–≤–ª–µ–Ω–æ 
17:56:36.264 [main] INFO  My logger - –û–∂–∏–¥–∞—é –≤—Ö–æ–¥—è—â–µ–µ —Å–æ–æ–±—â–µ–Ω–∏–µ 
17:56:36.273 [Thread-7] INFO  My logger - –ü–æ–¥–≥–æ—Ç–æ–≤–ª–µ–Ω SQL –∑–∞–ø—Ä–æ—Å 'SELECT * FROM users WHERE username = ? AND password = ?'. 
17:56:36.292 [Thread-7] INFO  My logger - –í—ã–ø–æ–ª–Ω–µ–Ω –∑–∞–ø—Ä–æ—Å SELECT_USER_BY_USERNAME_AND_PASSWORD: true 
17:56:36.293 [Thread-7] INFO  My logger - –ó–∞–∫—Ä—ã—Ç SQL –∑–∞–ø—Ä–æ—Å 'SELECT * FROM users WHERE username = 'admin' AND password = '81dc9bdb52d04dc20036dbd8313ed055''. 
17:56:36.296 [Thread-7] INFO  My logger - ¬˚Á˚‚‡ÂÚÒˇ ÍÓÏ‡Ì‰‡ get_collection 
17:56:36.299 [Thread-8] INFO  My logger - –ù–∞—á–∏–Ω–∞—é –æ—Ç–ø—Ä–∞–≤–∫—É –æ—Ç–≤–µ—Ç–∞ 
17:56:36.306 [Thread-8] INFO  My logger - –ù–∞—á–∏–Ω–∞—é —Å–µ—Ä–∏–∞–ª–∏–∑–∞—Ü–∏—é 
17:56:36.347 [Thread-8] INFO  My logger - –°–µ—Ä–µ–∞–ª–∏–∑–∏—Ä–æ–≤–∞–ª 
17:56:36.349 [Thread-8] INFO  My logger - –û—Ç–ø—Ä–∞–≤–ª–µ–Ω–æ 
18:03:42.054 [main] INFO  My logger - –£—Å—Ç–∞–Ω–∞–≤–ª–∏–≤–∞–µ—Ç—Å—è ssh –ø–æ–¥–∫–ª—é—á–µ–Ω–∏–µ –∫ se.ifmo.ru : 2222 
18:03:42.605 [main] INFO  My logger - –ü–æ–¥–∫–ª—é—á–µ–Ω–∏–µ —É—Å—Ç–∞–Ω–æ–≤–ª–µ–Ω–æ. 
18:03:42.616 [main] INFO  My logger - localhost:8594 -> pg:5432 
18:03:42.787 [main] INFO  My logger - –°–æ–µ–¥–∏–Ω–µ–Ω–∏–µ —Å –±–∞–∑–æ–π –¥–∞–Ω–Ω—ã—Ö —É—Å—Ç–∞–Ω–æ–≤–ª–µ–Ω–æ. 
18:03:42.809 [main] INFO  My logger - –ü–æ–¥–≥–æ—Ç–æ–≤–ª–µ–Ω SQL –∑–∞–ø—Ä–æ—Å 'SELECT * FROM flat'. 
18:03:42.843 [main] INFO  My logger - –ü–æ–¥–≥–æ—Ç–æ–≤–ª–µ–Ω SQL –∑–∞–ø—Ä–æ—Å 'SELECT * FROM flat WHERE id = ?'. 
18:03:42.851 [main] INFO  My logger - –í—ã–ø–æ–ª–Ω–µ–Ω –∑–∞–ø—Ä–æ—Å SELECT_STUDY_GROUP_BY_ID. 
18:03:42.852 [main] INFO  My logger - –ó–∞–∫—Ä—ã—Ç SQL –∑–∞–ø—Ä–æ—Å 'SELECT * FROM flat WHERE id = 1'. 
18:03:42.852 [main] INFO  My logger - –ü–æ–¥–≥–æ—Ç–æ–≤–ª–µ–Ω SQL –∑–∞–ø—Ä–æ—Å 'SELECT * FROM coordinates WHERE id = ?'. 
18:03:42.858 [main] INFO  My logger - –í—ã–ø–æ–ª–Ω–µ–Ω –∑–∞–ø—Ä–æ—Å SELECT_COORDINATES_BY_ID. 
18:03:42.860 [main] INFO  My logger - –ó–∞–∫—Ä—ã—Ç SQL –∑–∞–ø—Ä–æ—Å 'SELECT * FROM coordinates WHERE id = 2'. 
18:03:42.860 [main] INFO  My logger - –ü–æ–¥–≥–æ—Ç–æ–≤–ª–µ–Ω SQL –∑–∞–ø—Ä–æ—Å 'SELECT * FROM flat WHERE id = ?'. 
18:03:42.865 [main] INFO  My logger - –í—ã–ø–æ–ª–Ω–µ–Ω –∑–∞–ø—Ä–æ—Å SELECT_STUDY_GROUP_BY_ID. 
18:03:42.866 [main] INFO  My logger - –ó–∞–∫—Ä—ã—Ç SQL –∑–∞–ø—Ä–æ—Å 'SELECT * FROM flat WHERE id = 1'. 
18:03:42.866 [main] INFO  My logger - –ü–æ–¥–≥–æ—Ç–æ–≤–ª–µ–Ω SQL –∑–∞–ø—Ä–æ—Å 'SELECT * FROM house WHERE id = ?'. 
18:03:42.871 [main] INFO  My logger - –í—ã–ø–æ–ª–Ω–µ–Ω –∑–∞–ø—Ä–æ—Å SELECT_HOUSE_BY_ID. 
18:03:42.873 [main] INFO  My logger - –ó–∞–∫—Ä—ã—Ç SQL –∑–∞–ø—Ä–æ—Å 'SELECT * FROM house WHERE id = 2'. 
18:03:42.873 [main] INFO  My logger - –ü–æ–¥–≥–æ—Ç–æ–≤–ª–µ–Ω SQL –∑–∞–ø—Ä–æ—Å 'SELECT * FROM users WHERE id = ?'. 
18:03:42.878 [main] INFO  My logger - –í—ã–ø–æ–ª–Ω–µ–Ω –∑–∞–ø—Ä–æ—Å SELECT_USER_BY_ID. 
18:03:42.879 [main] INFO  My logger - –ó–∞–∫—Ä—ã—Ç SQL –∑–∞–ø—Ä–æ—Å 'SELECT * FROM users WHERE id = 1'. 
18:03:42.882 [main] INFO  My logger - –ü–æ–¥–≥–æ—Ç–æ–≤–ª–µ–Ω SQL –∑–∞–ø—Ä–æ—Å 'SELECT * FROM flat WHERE id = ?'. 
18:03:42.886 [main] INFO  My logger - –í—ã–ø–æ–ª–Ω–µ–Ω –∑–∞–ø—Ä–æ—Å SELECT_STUDY_GROUP_BY_ID. 
18:03:42.887 [main] INFO  My logger - –ó–∞–∫—Ä—ã—Ç SQL –∑–∞–ø—Ä–æ—Å 'SELECT * FROM flat WHERE id = 3'. 
18:03:42.887 [main] INFO  My logger - –ü–æ–¥–≥–æ—Ç–æ–≤–ª–µ–Ω SQL –∑–∞–ø—Ä–æ—Å 'SELECT * FROM coordinates WHERE id = ?'. 
18:03:42.891 [main] INFO  My logger - –í—ã–ø–æ–ª–Ω–µ–Ω –∑–∞–ø—Ä–æ—Å SELECT_COORDINATES_BY_ID. 
18:03:42.892 [main] INFO  My logger - –ó–∞–∫—Ä—ã—Ç SQL –∑–∞–ø—Ä–æ—Å 'SELECT * FROM coordinates WHERE id = 4'. 
18:03:42.892 [main] INFO  My logger - –ü–æ–¥–≥–æ—Ç–æ–≤–ª–µ–Ω SQL –∑–∞–ø—Ä–æ—Å 'SELECT * FROM flat WHERE id = ?'. 
18:03:42.897 [main] INFO  My logger - –í—ã–ø–æ–ª–Ω–µ–Ω –∑–∞–ø—Ä–æ—Å SELECT_STUDY_GROUP_BY_ID. 
18:03:42.897 [main] INFO  My logger - –ó–∞–∫—Ä—ã—Ç SQL –∑–∞–ø—Ä–æ—Å 'SELECT * FROM flat WHERE id = 3'. 
18:03:42.898 [main] INFO  My logger - –ü–æ–¥–≥–æ—Ç–æ–≤–ª–µ–Ω SQL –∑–∞–ø—Ä–æ—Å 'SELECT * FROM house WHERE id = ?'. 
18:03:42.902 [main] INFO  My logger - –í—ã–ø–æ–ª–Ω–µ–Ω –∑–∞–ø—Ä–æ—Å SELECT_HOUSE_BY_ID. 
18:03:42.902 [main] INFO  My logger - –ó–∞–∫—Ä—ã—Ç SQL –∑–∞–ø—Ä–æ—Å 'SELECT * FROM house WHERE id = 4'. 
18:03:42.903 [main] INFO  My logger - –ü–æ–¥–≥–æ—Ç–æ–≤–ª–µ–Ω SQL –∑–∞–ø—Ä–æ—Å 'SELECT * FROM users WHERE id = ?'. 
18:03:42.907 [main] INFO  My logger - –í—ã–ø–æ–ª–Ω–µ–Ω –∑–∞–ø—Ä–æ—Å SELECT_USER_BY_ID. 
18:03:42.907 [main] INFO  My logger - –ó–∞–∫—Ä—ã—Ç SQL –∑–∞–ø—Ä–æ—Å 'SELECT * FROM users WHERE id = 1'. 
18:03:42.907 [main] INFO  My logger - –ó–∞–∫—Ä—ã—Ç SQL –∑–∞–ø—Ä–æ—Å 'SELECT * FROM flat'. 
18:03:42.918 [main] INFO  My logger - –û—Ç–∫—Ä—ã–≤–∞—é —Å–æ–∫–µ—Ç 
18:03:42.932 [main] INFO  My logger - –°–æ–∫–µ—Ç –æ—Ç–∫—Ä—ã—Ç 
18:03:42.933 [main] INFO  My logger - –û–∂–∏–¥–∞—é –≤—Ö–æ–¥—è—â–µ–µ —Å–æ–æ–±—â–µ–Ω–∏–µ 
18:04:15.527 [main] INFO  My logger - –û–∂–∏–¥–∞—é –≤—Ö–æ–¥—è—â–µ–µ —Å–æ–æ–±—â–µ–Ω–∏–µ 
18:04:15.529 [Thread-5] INFO  My logger - –ü–æ–¥–≥–æ—Ç–æ–≤–ª–µ–Ω SQL –∑–∞–ø—Ä–æ—Å 'SELECT * FROM users WHERE username = ? AND password = ?'. 
18:04:15.539 [Thread-5] INFO  My logger - –í—ã–ø–æ–ª–Ω–µ–Ω –∑–∞–ø—Ä–æ—Å SELECT_USER_BY_USERNAME_AND_PASSWORD: true 
18:04:15.540 [Thread-5] INFO  My logger - –ó–∞–∫—Ä—ã—Ç SQL –∑–∞–ø—Ä–æ—Å 'SELECT * FROM users WHERE username = 'admin' AND password = '81dc9bdb52d04dc20036dbd8313ed055''. 
18:04:15.541 [Thread-6] INFO  My logger - –ù–∞—á–∏–Ω–∞—é –æ—Ç–ø—Ä–∞–≤–∫—É –æ—Ç–≤–µ—Ç–∞ 
18:04:15.542 [Thread-6] INFO  My logger - –ù–∞—á–∏–Ω–∞—é —Å–µ—Ä–∏–∞–ª–∏–∑–∞—Ü–∏—é 
18:04:15.549 [Thread-6] INFO  My logger - –°–µ—Ä–µ–∞–ª–∏–∑–∏—Ä–æ–≤–∞–ª 
18:04:15.550 [Thread-6] INFO  My logger - –û—Ç–ø—Ä–∞–≤–ª–µ–Ω–æ 
18:04:17.142 [main] INFO  My logger - –û–∂–∏–¥–∞—é –≤—Ö–æ–¥—è—â–µ–µ —Å–æ–æ–±—â–µ–Ω–∏–µ 
18:04:17.143 [Thread-7] INFO  My logger - –ü–æ–¥–≥–æ—Ç–æ–≤–ª–µ–Ω SQL –∑–∞–ø—Ä–æ—Å 'SELECT * FROM users WHERE username = ? AND password = ?'. 
18:04:17.162 [Thread-7] INFO  My logger - –í—ã–ø–æ–ª–Ω–µ–Ω –∑–∞–ø—Ä–æ—Å SELECT_USER_BY_USERNAME_AND_PASSWORD: true 
18:04:17.163 [Thread-7] INFO  My logger - –ó–∞–∫—Ä—ã—Ç SQL –∑–∞–ø—Ä–æ—Å 'SELECT * FROM users WHERE username = 'admin' AND password = '81dc9bdb52d04dc20036dbd8313ed055''. 
18:04:17.164 [Thread-7] INFO  My logger - ¬˚Á˚‚‡ÂÚÒˇ ÍÓÏ‡Ì‰‡ get_collection 
18:04:17.165 [Thread-7] INFO  My logger - –ü–æ–ª—å–∑–æ–≤–∞—Ç–µ–ª—å –∑–∞–ø—Ä–æ—Å–∏–ª –≤—Å—é –∫–æ–ª–ª–µ–∫—Ü–∏—é 
18:04:17.180 [Thread-8] INFO  My logger - –ù–∞—á–∏–Ω–∞—é –æ—Ç–ø—Ä–∞–≤–∫—É –æ—Ç–≤–µ—Ç–∞ 
18:04:17.181 [Thread-8] INFO  My logger - –ù–∞—á–∏–Ω–∞—é —Å–µ—Ä–∏–∞–ª–∏–∑–∞—Ü–∏—é 
18:04:17.206 [Thread-8] INFO  My logger - –°–µ—Ä–µ–∞–ª–∏–∑–∏—Ä–æ–≤–∞–ª 
18:04:17.209 [Thread-8] INFO  My logger - –û—Ç–ø—Ä–∞–≤–ª–µ–Ω–æ 
18:07:07.939 [main] INFO  My logger - –£—Å—Ç–∞–Ω–∞–≤–ª–∏–≤–∞–µ—Ç—Å—è ssh –ø–æ–¥–∫–ª—é—á–µ–Ω–∏–µ –∫ se.ifmo.ru : 2222 
18:07:08.466 [main] INFO  My logger - –ü–æ–¥–∫–ª—é—á–µ–Ω–∏–µ —É—Å—Ç–∞–Ω–æ–≤–ª–µ–Ω–æ. 
18:07:08.475 [main] INFO  My logger - localhost:8594 -> pg:5432 
18:07:08.647 [main] INFO  My logger - –°–æ–µ–¥–∏–Ω–µ–Ω–∏–µ —Å –±–∞–∑–æ–π –¥–∞–Ω–Ω—ã—Ö —É—Å—Ç–∞–Ω–æ–≤–ª–µ–Ω–æ. 
18:07:08.668 [main] INFO  My logger - –ü–æ–¥–≥–æ—Ç–æ–≤–ª–µ–Ω SQL –∑–∞–ø—Ä–æ—Å 'SELECT * FROM flat'. 
18:07:08.711 [main] INFO  My logger - –ü–æ–¥–≥–æ—Ç–æ–≤–ª–µ–Ω SQL –∑–∞–ø—Ä–æ—Å 'SELECT * FROM flat WHERE id = ?'. 
18:07:08.718 [main] INFO  My logger - –í—ã–ø–æ–ª–Ω–µ–Ω –∑–∞–ø—Ä–æ—Å SELECT_STUDY_GROUP_BY_ID. 
18:07:08.719 [main] INFO  My logger - –ó–∞–∫—Ä—ã—Ç SQL –∑–∞–ø—Ä–æ—Å 'SELECT * FROM flat WHERE id = 1'. 
18:07:08.720 [main] INFO  My logger - –ü–æ–¥–≥–æ—Ç–æ–≤–ª–µ–Ω SQL –∑–∞–ø—Ä–æ—Å 'SELECT * FROM coordinates WHERE id = ?'. 
18:07:08.725 [main] INFO  My logger - –í—ã–ø–æ–ª–Ω–µ–Ω –∑–∞–ø—Ä–æ—Å SELECT_COORDINATES_BY_ID. 
18:07:08.726 [main] INFO  My logger - –ó–∞–∫—Ä—ã—Ç SQL –∑–∞–ø—Ä–æ—Å 'SELECT * FROM coordinates WHERE id = 2'. 
18:07:08.727 [main] INFO  My logger - –ü–æ–¥–≥–æ—Ç–æ–≤–ª–µ–Ω SQL –∑–∞–ø—Ä–æ—Å 'SELECT * FROM flat WHERE id = ?'. 
18:07:08.732 [main] INFO  My logger - –í—ã–ø–æ–ª–Ω–µ–Ω –∑–∞–ø—Ä–æ—Å SELECT_STUDY_GROUP_BY_ID. 
18:07:08.732 [main] INFO  My logger - –ó–∞–∫—Ä—ã—Ç SQL –∑–∞–ø—Ä–æ—Å 'SELECT * FROM flat WHERE id = 1'. 
18:07:08.733 [main] INFO  My logger - –ü–æ–¥–≥–æ—Ç–æ–≤–ª–µ–Ω SQL –∑–∞–ø—Ä–æ—Å 'SELECT * FROM house WHERE id = ?'. 
18:07:08.738 [main] INFO  My logger - –í—ã–ø–æ–ª–Ω–µ–Ω –∑–∞–ø—Ä–æ—Å SELECT_HOUSE_BY_ID. 
18:07:08.739 [main] INFO  My logger - –ó–∞–∫—Ä—ã—Ç SQL –∑–∞–ø—Ä–æ—Å 'SELECT * FROM house WHERE id = 2'. 
18:07:08.740 [main] INFO  My logger - –ü–æ–¥–≥–æ—Ç–æ–≤–ª–µ–Ω SQL –∑–∞–ø—Ä–æ—Å 'SELECT * FROM users WHERE id = ?'. 
18:07:08.745 [main] INFO  My logger - –í—ã–ø–æ–ª–Ω–µ–Ω –∑–∞–ø—Ä–æ—Å SELECT_USER_BY_ID. 
18:07:08.746 [main] INFO  My logger - –ó–∞–∫—Ä—ã—Ç SQL –∑–∞–ø—Ä–æ—Å 'SELECT * FROM users WHERE id = 1'. 
18:07:08.748 [main] INFO  My logger - –ü–æ–¥–≥–æ—Ç–æ–≤–ª–µ–Ω SQL –∑–∞–ø—Ä–æ—Å 'SELECT * FROM flat WHERE id = ?'. 
18:07:08.768 [main] INFO  My logger - –í—ã–ø–æ–ª–Ω–µ–Ω –∑–∞–ø—Ä–æ—Å SELECT_STUDY_GROUP_BY_ID. 
18:07:08.768 [main] INFO  My logger - –ó–∞–∫—Ä—ã—Ç SQL –∑–∞–ø—Ä–æ—Å 'SELECT * FROM flat WHERE id = 3'. 
18:07:08.769 [main] INFO  My logger - –ü–æ–¥–≥–æ—Ç–æ–≤–ª–µ–Ω SQL –∑–∞–ø—Ä–æ—Å 'SELECT * FROM coordinates WHERE id = ?'. 
18:07:08.773 [main] INFO  My logger - –í—ã–ø–æ–ª–Ω–µ–Ω –∑–∞–ø—Ä–æ—Å SELECT_COORDINATES_BY_ID. 
18:07:08.773 [main] INFO  My logger - –ó–∞–∫—Ä—ã—Ç SQL –∑–∞–ø—Ä–æ—Å 'SELECT * FROM coordinates WHERE id = 4'. 
18:07:08.774 [main] INFO  My logger - –ü–æ–¥–≥–æ—Ç–æ–≤–ª–µ–Ω SQL –∑–∞–ø—Ä–æ—Å 'SELECT * FROM flat WHERE id = ?'. 
18:07:08.778 [main] INFO  My logger - –í—ã–ø–æ–ª–Ω–µ–Ω –∑–∞–ø—Ä–æ—Å SELECT_STUDY_GROUP_BY_ID. 
18:07:08.779 [main] INFO  My logger - –ó–∞–∫—Ä—ã—Ç SQL –∑–∞–ø—Ä–æ—Å 'SELECT * FROM flat WHERE id = 3'. 
18:07:08.779 [main] INFO  My logger - –ü–æ–¥–≥–æ—Ç–æ–≤–ª–µ–Ω SQL –∑–∞–ø—Ä–æ—Å 'SELECT * FROM house WHERE id = ?'. 
18:07:08.797 [main] INFO  My logger - –í—ã–ø–æ–ª–Ω–µ–Ω –∑–∞–ø—Ä–æ—Å SELECT_HOUSE_BY_ID. 
18:07:08.798 [main] INFO  My logger - –ó–∞–∫—Ä—ã—Ç SQL –∑–∞–ø—Ä–æ—Å 'SELECT * FROM house WHERE id = 4'. 
18:07:08.798 [main] INFO  My logger - –ü–æ–¥–≥–æ—Ç–æ–≤–ª–µ–Ω SQL –∑–∞–ø—Ä–æ—Å 'SELECT * FROM users WHERE id = ?'. 
18:07:08.836 [main] INFO  My logger - –í—ã–ø–æ–ª–Ω–µ–Ω –∑–∞–ø—Ä–æ—Å SELECT_USER_BY_ID. 
18:07:08.837 [main] INFO  My logger - –ó–∞–∫—Ä—ã—Ç SQL –∑–∞–ø—Ä–æ—Å 'SELECT * FROM users WHERE id = 1'. 
18:07:08.837 [main] INFO  My logger - –ó–∞–∫—Ä—ã—Ç SQL –∑–∞–ø—Ä–æ—Å 'SELECT * FROM flat'. 
18:07:08.848 [main] INFO  My logger - –û—Ç–∫—Ä—ã–≤–∞—é —Å–æ–∫–µ—Ç 
18:07:08.856 [main] INFO  My logger - –°–æ–∫–µ—Ç –æ—Ç–∫—Ä—ã—Ç 
18:07:08.857 [main] INFO  My logger - –û–∂–∏–¥–∞—é –≤—Ö–æ–¥—è—â–µ–µ —Å–æ–æ–±—â–µ–Ω–∏–µ 
18:07:39.872 [main] INFO  My logger - –û–∂–∏–¥–∞—é –≤—Ö–æ–¥—è—â–µ–µ —Å–æ–æ–±—â–µ–Ω–∏–µ 
18:07:39.873 [Thread-5] INFO  My logger - –ü–æ–¥–≥–æ—Ç–æ–≤–ª–µ–Ω SQL –∑–∞–ø—Ä–æ—Å 'SELECT * FROM users WHERE username = ? AND password = ?'. 
18:07:39.884 [Thread-5] INFO  My logger - –í—ã–ø–æ–ª–Ω–µ–Ω –∑–∞–ø—Ä–æ—Å SELECT_USER_BY_USERNAME_AND_PASSWORD: true 
18:07:39.884 [Thread-5] INFO  My logger - –ó–∞–∫—Ä—ã—Ç SQL –∑–∞–ø—Ä–æ—Å 'SELECT * FROM users WHERE username = 'admin' AND password = '81dc9bdb52d04dc20036dbd8313ed055''. 
18:07:39.886 [Thread-6] INFO  My logger - –ù–∞—á–∏–Ω–∞—é –æ—Ç–ø—Ä–∞–≤–∫—É –æ—Ç–≤–µ—Ç–∞ 
18:07:39.886 [Thread-6] INFO  My logger - –ù–∞—á–∏–Ω–∞—é —Å–µ—Ä–∏–∞–ª–∏–∑–∞—Ü–∏—é 
18:07:39.893 [Thread-6] INFO  My logger - –°–µ—Ä–µ–∞–ª–∏–∑–∏—Ä–æ–≤–∞–ª 
18:07:39.894 [Thread-6] INFO  My logger - –û—Ç–ø—Ä–∞–≤–ª–µ–Ω–æ 
18:07:41.331 [main] INFO  My logger - –û–∂–∏–¥–∞—é –≤—Ö–æ–¥—è—â–µ–µ —Å–æ–æ–±—â–µ–Ω–∏–µ 
18:07:41.333 [Thread-7] INFO  My logger - –ü–æ–¥–≥–æ—Ç–æ–≤–ª–µ–Ω SQL –∑–∞–ø—Ä–æ—Å 'SELECT * FROM users WHERE username = ? AND password = ?'. 
18:07:41.339 [Thread-7] INFO  My logger - –í—ã–ø–æ–ª–Ω–µ–Ω –∑–∞–ø—Ä–æ—Å SELECT_USER_BY_USERNAME_AND_PASSWORD: true 
18:07:41.340 [Thread-7] INFO  My logger - –ó–∞–∫—Ä—ã—Ç SQL –∑–∞–ø—Ä–æ—Å 'SELECT * FROM users WHERE username = 'admin' AND password = '81dc9bdb52d04dc20036dbd8313ed055''. 
18:07:41.344 [Thread-7] INFO  My logger - ¬˚Á˚‚‡ÂÚÒˇ ÍÓÏ‡Ì‰‡ get_collection 
18:07:41.344 [Thread-7] INFO  My logger - –ü–æ–ª—å–∑–æ–≤–∞—Ç–µ–ª—å –∑–∞–ø—Ä–æ—Å–∏–ª –≤—Å—é –∫–æ–ª–ª–µ–∫—Ü–∏—é 
18:07:41.350 [Thread-8] INFO  My logger - –ù–∞—á–∏–Ω–∞—é –æ—Ç–ø—Ä–∞–≤–∫—É –æ—Ç–≤–µ—Ç–∞ 
18:07:41.351 [Thread-8] INFO  My logger - –ù–∞—á–∏–Ω–∞—é —Å–µ—Ä–∏–∞–ª–∏–∑–∞—Ü–∏—é 
18:07:41.395 [Thread-8] INFO  My logger - –°–µ—Ä–µ–∞–ª–∏–∑–∏—Ä–æ–≤–∞–ª 
18:07:41.396 [Thread-8] INFO  My logger - –û—Ç–ø—Ä–∞–≤–ª–µ–Ω–æ 
18:11:18.721 [main] INFO  My logger - –£—Å—Ç–∞–Ω–∞–≤–ª–∏–≤–∞–µ—Ç—Å—è ssh –ø–æ–¥–∫–ª—é—á–µ–Ω–∏–µ –∫ se.ifmo.ru : 2222 
18:11:19.232 [main] INFO  My logger - –ü–æ–¥–∫–ª—é—á–µ–Ω–∏–µ —É—Å—Ç–∞–Ω–æ–≤–ª–µ–Ω–æ. 
18:11:19.240 [main] INFO  My logger - localhost:8594 -> pg:5432 
18:11:19.405 [main] INFO  My logger - –°–æ–µ–¥–∏–Ω–µ–Ω–∏–µ —Å –±–∞–∑–æ–π –¥–∞–Ω–Ω—ã—Ö —É—Å—Ç–∞–Ω–æ–≤–ª–µ–Ω–æ. 
18:11:19.426 [main] INFO  My logger - –ü–æ–¥–≥–æ—Ç–æ–≤–ª–µ–Ω SQL –∑–∞–ø—Ä–æ—Å 'SELECT * FROM flat'. 
18:11:19.459 [main] INFO  My logger - –ü–æ–¥–≥–æ—Ç–æ–≤–ª–µ–Ω SQL –∑–∞–ø—Ä–æ—Å 'SELECT * FROM flat WHERE id = ?'. 
18:11:19.464 [main] INFO  My logger - –í—ã–ø–æ–ª–Ω–µ–Ω –∑–∞–ø—Ä–æ—Å SELECT_STUDY_GROUP_BY_ID. 
18:11:19.465 [main] INFO  My logger - –ó–∞–∫—Ä—ã—Ç SQL –∑–∞–ø—Ä–æ—Å 'SELECT * FROM flat WHERE id = 1'. 
18:11:19.466 [main] INFO  My logger - –ü–æ–¥–≥–æ—Ç–æ–≤–ª–µ–Ω SQL –∑–∞–ø—Ä–æ—Å 'SELECT * FROM coordinates WHERE id = ?'. 
18:11:19.470 [main] INFO  My logger - –í—ã–ø–æ–ª–Ω–µ–Ω –∑–∞–ø—Ä–æ—Å SELECT_COORDINATES_BY_ID. 
18:11:19.472 [main] INFO  My logger - –ó–∞–∫—Ä—ã—Ç SQL –∑–∞–ø—Ä–æ—Å 'SELECT * FROM coordinates WHERE id = 2'. 
18:11:19.472 [main] INFO  My logger - –ü–æ–¥–≥–æ—Ç–æ–≤–ª–µ–Ω SQL –∑–∞–ø—Ä–æ—Å 'SELECT * FROM flat WHERE id = ?'. 
18:11:19.477 [main] INFO  My logger - –í—ã–ø–æ–ª–Ω–µ–Ω –∑–∞–ø—Ä–æ—Å SELECT_STUDY_GROUP_BY_ID. 
18:11:19.478 [main] INFO  My logger - –ó–∞–∫—Ä—ã—Ç SQL –∑–∞–ø—Ä–æ—Å 'SELECT * FROM flat WHERE id = 1'. 
18:11:19.478 [main] INFO  My logger - –ü–æ–¥–≥–æ—Ç–æ–≤–ª–µ–Ω SQL –∑–∞–ø—Ä–æ—Å 'SELECT * FROM house WHERE id = ?'. 
18:11:19.482 [main] INFO  My logger - –í—ã–ø–æ–ª–Ω–µ–Ω –∑–∞–ø—Ä–æ—Å SELECT_HOUSE_BY_ID. 
18:11:19.484 [main] INFO  My logger - –ó–∞–∫—Ä—ã—Ç SQL –∑–∞–ø—Ä–æ—Å 'SELECT * FROM house WHERE id = 2'. 
18:11:19.484 [main] INFO  My logger - –ü–æ–¥–≥–æ—Ç–æ–≤–ª–µ–Ω SQL –∑–∞–ø—Ä–æ—Å 'SELECT * FROM users WHERE id = ?'. 
18:11:19.489 [main] INFO  My logger - –í—ã–ø–æ–ª–Ω–µ–Ω –∑–∞–ø—Ä–æ—Å SELECT_USER_BY_ID. 
18:11:19.491 [main] INFO  My logger - –ó–∞–∫—Ä—ã—Ç SQL –∑–∞–ø—Ä–æ—Å 'SELECT * FROM users WHERE id = 1'. 
18:11:19.492 [main] INFO  My logger - –ü–æ–¥–≥–æ—Ç–æ–≤–ª–µ–Ω SQL –∑–∞–ø—Ä–æ—Å 'SELECT * FROM flat WHERE id = ?'. 
18:11:19.497 [main] INFO  My logger - –í—ã–ø–æ–ª–Ω–µ–Ω –∑–∞–ø—Ä–æ—Å SELECT_STUDY_GROUP_BY_ID. 
18:11:19.497 [main] INFO  My logger - –ó–∞–∫—Ä—ã—Ç SQL –∑–∞–ø—Ä–æ—Å 'SELECT * FROM flat WHERE id = 3'. 
18:11:19.498 [main] INFO  My logger - –ü–æ–¥–≥–æ—Ç–æ–≤–ª–µ–Ω SQL –∑–∞–ø—Ä–æ—Å 'SELECT * FROM coordinates WHERE id = ?'. 
18:11:19.502 [main] INFO  My logger - –í—ã–ø–æ–ª–Ω–µ–Ω –∑–∞–ø—Ä–æ—Å SELECT_COORDINATES_BY_ID. 
18:11:19.502 [main] INFO  My logger - –ó–∞–∫—Ä—ã—Ç SQL –∑–∞–ø—Ä–æ—Å 'SELECT * FROM coordinates WHERE id = 4'. 
18:11:19.503 [main] INFO  My logger - –ü–æ–¥–≥–æ—Ç–æ–≤–ª–µ–Ω SQL –∑–∞–ø—Ä–æ—Å 'SELECT * FROM flat WHERE id = ?'. 
18:11:19.507 [main] INFO  My logger - –í—ã–ø–æ–ª–Ω–µ–Ω –∑–∞–ø—Ä–æ—Å SELECT_STUDY_GROUP_BY_ID. 
18:11:19.508 [main] INFO  My logger - –ó–∞–∫—Ä—ã—Ç SQL –∑–∞–ø—Ä–æ—Å 'SELECT * FROM flat WHERE id = 3'. 
18:11:19.508 [main] INFO  My logger - –ü–æ–¥–≥–æ—Ç–æ–≤–ª–µ–Ω SQL –∑–∞–ø—Ä–æ—Å 'SELECT * FROM house WHERE id = ?'. 
18:11:19.512 [main] INFO  My logger - –í—ã–ø–æ–ª–Ω–µ–Ω –∑–∞–ø—Ä–æ—Å SELECT_HOUSE_BY_ID. 
18:11:19.513 [main] INFO  My logger - –ó–∞–∫—Ä—ã—Ç SQL –∑–∞–ø—Ä–æ—Å 'SELECT * FROM house WHERE id = 4'. 
18:11:19.513 [main] INFO  My logger - –ü–æ–¥–≥–æ—Ç–æ–≤–ª–µ–Ω SQL –∑–∞–ø—Ä–æ—Å 'SELECT * FROM users WHERE id = ?'. 
18:11:19.517 [main] INFO  My logger - –í—ã–ø–æ–ª–Ω–µ–Ω –∑–∞–ø—Ä–æ—Å SELECT_USER_BY_ID. 
18:11:19.517 [main] INFO  My logger - –ó–∞–∫—Ä—ã—Ç SQL –∑–∞–ø—Ä–æ—Å 'SELECT * FROM users WHERE id = 1'. 
18:11:19.517 [main] INFO  My logger - –ó–∞–∫—Ä—ã—Ç SQL –∑–∞–ø—Ä–æ—Å 'SELECT * FROM flat'. 
18:11:19.535 [main] INFO  My logger - –û—Ç–∫—Ä—ã–≤–∞—é —Å–æ–∫–µ—Ç 
18:11:19.544 [main] INFO  My logger - –°–æ–∫–µ—Ç –æ—Ç–∫—Ä—ã—Ç 
18:11:19.544 [main] INFO  My logger - –û–∂–∏–¥–∞—é –≤—Ö–æ–¥—è—â–µ–µ —Å–æ–æ–±—â–µ–Ω–∏–µ 
18:11:53.759 [main] INFO  My logger - –û–∂–∏–¥–∞—é –≤—Ö–æ–¥—è—â–µ–µ —Å–æ–æ–±—â–µ–Ω–∏–µ 
18:11:53.761 [Thread-5] INFO  My logger - –ü–æ–¥–≥–æ—Ç–æ–≤–ª–µ–Ω SQL –∑–∞–ø—Ä–æ—Å 'SELECT * FROM users WHERE username = ? AND password = ?'. 
18:11:53.770 [Thread-5] INFO  My logger - –í—ã–ø–æ–ª–Ω–µ–Ω –∑–∞–ø—Ä–æ—Å SELECT_USER_BY_USERNAME_AND_PASSWORD: true 
18:11:53.770 [Thread-5] INFO  My logger - –ó–∞–∫—Ä—ã—Ç SQL –∑–∞–ø—Ä–æ—Å 'SELECT * FROM users WHERE username = 'admin' AND password = '81dc9bdb52d04dc20036dbd8313ed055''. 
18:11:53.772 [Thread-6] INFO  My logger - –ù–∞—á–∏–Ω–∞—é –æ—Ç–ø—Ä–∞–≤–∫—É –æ—Ç–≤–µ—Ç–∞ 
18:11:53.773 [Thread-6] INFO  My logger - –ù–∞—á–∏–Ω–∞—é —Å–µ—Ä–∏–∞–ª–∏–∑–∞—Ü–∏—é 
18:11:53.780 [Thread-6] INFO  My logger - –°–µ—Ä–µ–∞–ª–∏–∑–∏—Ä–æ–≤–∞–ª 
18:11:53.781 [Thread-6] INFO  My logger - –û—Ç–ø—Ä–∞–≤–ª–µ–Ω–æ 
18:11:55.686 [main] INFO  My logger - –û–∂–∏–¥–∞—é –≤—Ö–æ–¥—è—â–µ–µ —Å–æ–æ–±—â–µ–Ω–∏–µ 
18:11:55.689 [Thread-7] INFO  My logger - –ü–æ–¥–≥–æ—Ç–æ–≤–ª–µ–Ω SQL –∑–∞–ø—Ä–æ—Å 'SELECT * FROM users WHERE username = ? AND password = ?'. 
18:11:55.698 [Thread-7] INFO  My logger - –í—ã–ø–æ–ª–Ω–µ–Ω –∑–∞–ø—Ä–æ—Å SELECT_USER_BY_USERNAME_AND_PASSWORD: true 
18:11:55.704 [Thread-7] INFO  My logger - –ó–∞–∫—Ä—ã—Ç SQL –∑–∞–ø—Ä–æ—Å 'SELECT * FROM users WHERE username = 'admin' AND password = '81dc9bdb52d04dc20036dbd8313ed055''. 
18:11:55.709 [Thread-7] INFO  My logger - ¬˚Á˚‚‡ÂÚÒˇ ÍÓÏ‡Ì‰‡ get_collection 
18:11:55.709 [Thread-7] INFO  My logger - –ü–æ–ª—å–∑–æ–≤–∞—Ç–µ–ª—å –∑–∞–ø—Ä–æ—Å–∏–ª –≤—Å—é –∫–æ–ª–ª–µ–∫—Ü–∏—é 
18:11:55.721 [Thread-8] INFO  My logger - –ù–∞—á–∏–Ω–∞—é –æ—Ç–ø—Ä–∞–≤–∫—É –æ—Ç–≤–µ—Ç–∞ 
18:11:55.724 [Thread-8] INFO  My logger - –ù–∞—á–∏–Ω–∞—é —Å–µ—Ä–∏–∞–ª–∏–∑–∞—Ü–∏—é 
18:11:55.768 [Thread-8] INFO  My logger - –û—Ç–ø—Ä–∞–≤–ª—è—é –æ–±—ä–µ–∫—Ç 
18:11:55.769 [Thread-8] INFO  My logger - –°–µ—Ä–µ–∞–ª–∏–∑–∏—Ä–æ–≤–∞–ª 
18:11:55.769 [Thread-8] INFO  My logger - –û—Ç–ø—Ä–∞–≤–ª–µ–Ω–æ 
18:13:31.807 [main] INFO  My logger - –£—Å—Ç–∞–Ω–∞–≤–ª–∏–≤–∞–µ—Ç—Å—è ssh –ø–æ–¥–∫–ª—é—á–µ–Ω–∏–µ –∫ se.ifmo.ru : 2222 
18:13:32.335 [main] INFO  My logger - –ü–æ–¥–∫–ª—é—á–µ–Ω–∏–µ —É—Å—Ç–∞–Ω–æ–≤–ª–µ–Ω–æ. 
18:13:32.346 [main] INFO  My logger - localhost:8594 -> pg:5432 
18:13:32.500 [main] INFO  My logger - –°–æ–µ–¥–∏–Ω–µ–Ω–∏–µ —Å –±–∞–∑–æ–π –¥–∞–Ω–Ω—ã—Ö —É—Å—Ç–∞–Ω–æ–≤–ª–µ–Ω–æ. 
18:13:32.520 [main] INFO  My logger - –ü–æ–¥–≥–æ—Ç–æ–≤–ª–µ–Ω SQL –∑–∞–ø—Ä–æ—Å 'SELECT * FROM flat'. 
18:13:32.550 [main] INFO  My logger - –ü–æ–¥–≥–æ—Ç–æ–≤–ª–µ–Ω SQL –∑–∞–ø—Ä–æ—Å 'SELECT * FROM flat WHERE id = ?'. 
18:13:32.556 [main] INFO  My logger - –í—ã–ø–æ–ª–Ω–µ–Ω –∑–∞–ø—Ä–æ—Å SELECT_STUDY_GROUP_BY_ID. 
18:13:32.557 [main] INFO  My logger - –ó–∞–∫—Ä—ã—Ç SQL –∑–∞–ø—Ä–æ—Å 'SELECT * FROM flat WHERE id = 1'. 
18:13:32.558 [main] INFO  My logger - –ü–æ–¥–≥–æ—Ç–æ–≤–ª–µ–Ω SQL –∑–∞–ø—Ä–æ—Å 'SELECT * FROM coordinates WHERE id = ?'. 
18:13:32.563 [main] INFO  My logger - –í—ã–ø–æ–ª–Ω–µ–Ω –∑–∞–ø—Ä–æ—Å SELECT_COORDINATES_BY_ID. 
18:13:32.565 [main] INFO  My logger - –ó–∞–∫—Ä—ã—Ç SQL –∑–∞–ø—Ä–æ—Å 'SELECT * FROM coordinates WHERE id = 2'. 
18:13:32.565 [main] INFO  My logger - –ü–æ–¥–≥–æ—Ç–æ–≤–ª–µ–Ω SQL –∑–∞–ø—Ä–æ—Å 'SELECT * FROM flat WHERE id = ?'. 
18:13:32.571 [main] INFO  My logger - –í—ã–ø–æ–ª–Ω–µ–Ω –∑–∞–ø—Ä–æ—Å SELECT_STUDY_GROUP_BY_ID. 
18:13:32.572 [main] INFO  My logger - –ó–∞–∫—Ä—ã—Ç SQL –∑–∞–ø—Ä–æ—Å 'SELECT * FROM flat WHERE id = 1'. 
18:13:32.572 [main] INFO  My logger - –ü–æ–¥–≥–æ—Ç–æ–≤–ª–µ–Ω SQL –∑–∞–ø—Ä–æ—Å 'SELECT * FROM house WHERE id = ?'. 
18:13:32.576 [main] INFO  My logger - –í—ã–ø–æ–ª–Ω–µ–Ω –∑–∞–ø—Ä–æ—Å SELECT_HOUSE_BY_ID. 
18:13:32.578 [main] INFO  My logger - –ó–∞–∫—Ä—ã—Ç SQL –∑–∞–ø—Ä–æ—Å 'SELECT * FROM house WHERE id = 2'. 
18:13:32.579 [main] INFO  My logger - –ü–æ–¥–≥–æ—Ç–æ–≤–ª–µ–Ω SQL –∑–∞–ø—Ä–æ—Å 'SELECT * FROM users WHERE id = ?'. 
18:13:32.584 [main] INFO  My logger - –í—ã–ø–æ–ª–Ω–µ–Ω –∑–∞–ø—Ä–æ—Å SELECT_USER_BY_ID. 
18:13:32.585 [main] INFO  My logger - –ó–∞–∫—Ä—ã—Ç SQL –∑–∞–ø—Ä–æ—Å 'SELECT * FROM users WHERE id = 1'. 
18:13:32.587 [main] INFO  My logger - –ü–æ–¥–≥–æ—Ç–æ–≤–ª–µ–Ω SQL –∑–∞–ø—Ä–æ—Å 'SELECT * FROM flat WHERE id = ?'. 
18:13:32.592 [main] INFO  My logger - –í—ã–ø–æ–ª–Ω–µ–Ω –∑–∞–ø—Ä–æ—Å SELECT_STUDY_GROUP_BY_ID. 
18:13:32.592 [main] INFO  My logger - –ó–∞–∫—Ä—ã—Ç SQL –∑–∞–ø—Ä–æ—Å 'SELECT * FROM flat WHERE id = 3'. 
18:13:32.593 [main] INFO  My logger - –ü–æ–¥–≥–æ—Ç–æ–≤–ª–µ–Ω SQL –∑–∞–ø—Ä–æ—Å 'SELECT * FROM coordinates WHERE id = ?'. 
18:13:32.598 [main] INFO  My logger - –í—ã–ø–æ–ª–Ω–µ–Ω –∑–∞–ø—Ä–æ—Å SELECT_COORDINATES_BY_ID. 
18:13:32.598 [main] INFO  My logger - –ó–∞–∫—Ä—ã—Ç SQL –∑–∞–ø—Ä–æ—Å 'SELECT * FROM coordinates WHERE id = 4'. 
18:13:32.599 [main] INFO  My logger - –ü–æ–¥–≥–æ—Ç–æ–≤–ª–µ–Ω SQL –∑–∞–ø—Ä–æ—Å 'SELECT * FROM flat WHERE id = ?'. 
18:13:32.603 [main] INFO  My logger - –í—ã–ø–æ–ª–Ω–µ–Ω –∑–∞–ø—Ä–æ—Å SELECT_STUDY_GROUP_BY_ID. 
18:13:32.604 [main] INFO  My logger - –ó–∞–∫—Ä—ã—Ç SQL –∑–∞–ø—Ä–æ—Å 'SELECT * FROM flat WHERE id = 3'. 
18:13:32.605 [main] INFO  My logger - –ü–æ–¥–≥–æ—Ç–æ–≤–ª–µ–Ω SQL –∑–∞–ø—Ä–æ—Å 'SELECT * FROM house WHERE id = ?'. 
18:13:32.609 [main] INFO  My logger - –í—ã–ø–æ–ª–Ω–µ–Ω –∑–∞–ø—Ä–æ—Å SELECT_HOUSE_BY_ID. 
18:13:32.609 [main] INFO  My logger - –ó–∞–∫—Ä—ã—Ç SQL –∑–∞–ø—Ä–æ—Å 'SELECT * FROM house WHERE id = 4'. 
18:13:32.610 [main] INFO  My logger - –ü–æ–¥–≥–æ—Ç–æ–≤–ª–µ–Ω SQL –∑–∞–ø—Ä–æ—Å 'SELECT * FROM users WHERE id = ?'. 
18:13:32.614 [main] INFO  My logger - –í—ã–ø–æ–ª–Ω–µ–Ω –∑–∞–ø—Ä–æ—Å SELECT_USER_BY_ID. 
18:13:32.614 [main] INFO  My logger - –ó–∞–∫—Ä—ã—Ç SQL –∑–∞–ø—Ä–æ—Å 'SELECT * FROM users WHERE id = 1'. 
18:13:32.615 [main] INFO  My logger - –ó–∞–∫—Ä—ã—Ç SQL –∑–∞–ø—Ä–æ—Å 'SELECT * FROM flat'. 
18:13:32.628 [main] INFO  My logger - –û—Ç–∫—Ä—ã–≤–∞—é —Å–æ–∫–µ—Ç 
18:13:32.637 [main] INFO  My logger - –°–æ–∫–µ—Ç –æ—Ç–∫—Ä—ã—Ç 
18:13:32.637 [main] INFO  My logger - –û–∂–∏–¥–∞—é –≤—Ö–æ–¥—è—â–µ–µ —Å–æ–æ–±—â–µ–Ω–∏–µ 
18:14:04.101 [main] INFO  My logger - –û–∂–∏–¥–∞—é –≤—Ö–æ–¥—è—â–µ–µ —Å–æ–æ–±—â–µ–Ω–∏–µ 
18:14:04.104 [Thread-5] INFO  My logger - –ü–æ–¥–≥–æ—Ç–æ–≤–ª–µ–Ω SQL –∑–∞–ø—Ä–æ—Å 'SELECT * FROM users WHERE username = ? AND password = ?'. 
18:14:04.114 [Thread-5] INFO  My logger - –í—ã–ø–æ–ª–Ω–µ–Ω –∑–∞–ø—Ä–æ—Å SELECT_USER_BY_USERNAME_AND_PASSWORD: true 
18:14:04.114 [Thread-5] INFO  My logger - –ó–∞–∫—Ä—ã—Ç SQL –∑–∞–ø—Ä–æ—Å 'SELECT * FROM users WHERE username = 'admin' AND password = '81dc9bdb52d04dc20036dbd8313ed055''. 
18:14:04.116 [Thread-6] INFO  My logger - –ù–∞—á–∏–Ω–∞—é –æ—Ç–ø—Ä–∞–≤–∫—É –æ—Ç–≤–µ—Ç–∞ 
18:14:04.117 [Thread-6] INFO  My logger - –ù–∞—á–∏–Ω–∞—é —Å–µ—Ä–∏–∞–ª–∏–∑–∞—Ü–∏—é 
18:14:04.124 [Thread-6] INFO  My logger - –°–µ—Ä–µ–∞–ª–∏–∑–∏—Ä–æ–≤–∞–ª 
18:14:04.124 [Thread-6] INFO  My logger - –û—Ç–ø—Ä–∞–≤–ª–µ–Ω–æ 
18:14:05.576 [main] INFO  My logger - –û–∂–∏–¥–∞—é –≤—Ö–æ–¥—è—â–µ–µ —Å–æ–æ–±—â–µ–Ω–∏–µ 
18:14:05.581 [Thread-7] INFO  My logger - –ü–æ–¥–≥–æ—Ç–æ–≤–ª–µ–Ω SQL –∑–∞–ø—Ä–æ—Å 'SELECT * FROM users WHERE username = ? AND password = ?'. 
18:14:05.597 [Thread-7] INFO  My logger - –í—ã–ø–æ–ª–Ω–µ–Ω –∑–∞–ø—Ä–æ—Å SELECT_USER_BY_USERNAME_AND_PASSWORD: true 
18:14:05.597 [Thread-7] INFO  My logger - –ó–∞–∫—Ä—ã—Ç SQL –∑–∞–ø—Ä–æ—Å 'SELECT * FROM users WHERE username = 'admin' AND password = '81dc9bdb52d04dc20036dbd8313ed055''. 
18:14:05.600 [Thread-7] INFO  My logger - ¬˚Á˚‚‡ÂÚÒˇ ÍÓÏ‡Ì‰‡ get_collection 
18:14:05.600 [Thread-7] INFO  My logger - –ü–æ–ª—å–∑–æ–≤–∞—Ç–µ–ª—å –∑–∞–ø—Ä–æ—Å–∏–ª –≤—Å—é –∫–æ–ª–ª–µ–∫—Ü–∏—é 
18:14:05.608 [Thread-8] INFO  My logger - –ù–∞—á–∏–Ω–∞—é –æ—Ç–ø—Ä–∞–≤–∫—É –æ—Ç–≤–µ—Ç–∞ 
18:14:05.609 [Thread-8] INFO  My logger - –ù–∞—á–∏–Ω–∞—é —Å–µ—Ä–∏–∞–ª–∏–∑–∞—Ü–∏—é 
18:14:05.641 [Thread-8] INFO  My logger - –û—Ç–ø—Ä–∞–≤–ª—è—é –æ–±—ä–µ–∫—Ç 
18:14:05.642 [Thread-8] INFO  My logger - –°–µ—Ä–µ–∞–ª–∏–∑–∏—Ä–æ–≤–∞–ª 
18:14:05.643 [Thread-8] INFO  My logger - –û—Ç–ø—Ä–∞–≤–ª–µ–Ω–æ 
18:26:01.223 [main] INFO  My logger - –£—Å—Ç–∞–Ω–∞–≤–ª–∏–≤–∞–µ—Ç—Å—è ssh –ø–æ–¥–∫–ª—é—á–µ–Ω–∏–µ –∫ se.ifmo.ru : 2222 
18:26:01.747 [main] INFO  My logger - –ü–æ–¥–∫–ª—é—á–µ–Ω–∏–µ —É—Å—Ç–∞–Ω–æ–≤–ª–µ–Ω–æ. 
18:26:01.756 [main] INFO  My logger - localhost:8594 -> pg:5432 
18:26:01.933 [main] INFO  My logger - –°–æ–µ–¥–∏–Ω–µ–Ω–∏–µ —Å –±–∞–∑–æ–π –¥–∞–Ω–Ω—ã—Ö —É—Å—Ç–∞–Ω–æ–≤–ª–µ–Ω–æ. 
18:26:01.955 [main] INFO  My logger - –ü–æ–¥–≥–æ—Ç–æ–≤–ª–µ–Ω SQL –∑–∞–ø—Ä–æ—Å 'SELECT * FROM flat'. 
18:26:01.991 [main] INFO  My logger - –ü–æ–¥–≥–æ—Ç–æ–≤–ª–µ–Ω SQL –∑–∞–ø—Ä–æ—Å 'SELECT * FROM flat WHERE id = ?'. 
18:26:01.998 [main] INFO  My logger - –í—ã–ø–æ–ª–Ω–µ–Ω –∑–∞–ø—Ä–æ—Å SELECT_STUDY_GROUP_BY_ID. 
18:26:01.999 [main] INFO  My logger - –ó–∞–∫—Ä—ã—Ç SQL –∑–∞–ø—Ä–æ—Å 'SELECT * FROM flat WHERE id = 1'. 
18:26:02.000 [main] INFO  My logger - –ü–æ–¥–≥–æ—Ç–æ–≤–ª–µ–Ω SQL –∑–∞–ø—Ä–æ—Å 'SELECT * FROM coordinates WHERE id = ?'. 
18:26:02.005 [main] INFO  My logger - –í—ã–ø–æ–ª–Ω–µ–Ω –∑–∞–ø—Ä–æ—Å SELECT_COORDINATES_BY_ID. 
18:26:02.006 [main] INFO  My logger - –ó–∞–∫—Ä—ã—Ç SQL –∑–∞–ø—Ä–æ—Å 'SELECT * FROM coordinates WHERE id = 2'. 
18:26:02.007 [main] INFO  My logger - –ü–æ–¥–≥–æ—Ç–æ–≤–ª–µ–Ω SQL –∑–∞–ø—Ä–æ—Å 'SELECT * FROM flat WHERE id = ?'. 
18:26:02.012 [main] INFO  My logger - –í—ã–ø–æ–ª–Ω–µ–Ω –∑–∞–ø—Ä–æ—Å SELECT_STUDY_GROUP_BY_ID. 
18:26:02.013 [main] INFO  My logger - –ó–∞–∫—Ä—ã—Ç SQL –∑–∞–ø—Ä–æ—Å 'SELECT * FROM flat WHERE id = 1'. 
18:26:02.013 [main] INFO  My logger - –ü–æ–¥–≥–æ—Ç–æ–≤–ª–µ–Ω SQL –∑–∞–ø—Ä–æ—Å 'SELECT * FROM house WHERE id = ?'. 
18:26:02.018 [main] INFO  My logger - –í—ã–ø–æ–ª–Ω–µ–Ω –∑–∞–ø—Ä–æ—Å SELECT_HOUSE_BY_ID. 
18:26:02.020 [main] INFO  My logger - –ó–∞–∫—Ä—ã—Ç SQL –∑–∞–ø—Ä–æ—Å 'SELECT * FROM house WHERE id = 2'. 
18:26:02.020 [main] INFO  My logger - –ü–æ–¥–≥–æ—Ç–æ–≤–ª–µ–Ω SQL –∑–∞–ø—Ä–æ—Å 'SELECT * FROM users WHERE id = ?'. 
18:26:02.025 [main] INFO  My logger - –í—ã–ø–æ–ª–Ω–µ–Ω –∑–∞–ø—Ä–æ—Å SELECT_USER_BY_ID. 
18:26:02.026 [main] INFO  My logger - –ó–∞–∫—Ä—ã—Ç SQL –∑–∞–ø—Ä–æ—Å 'SELECT * FROM users WHERE id = 1'. 
18:26:02.028 [main] INFO  My logger - –ü–æ–¥–≥–æ—Ç–æ–≤–ª–µ–Ω SQL –∑–∞–ø—Ä–æ—Å 'SELECT * FROM flat WHERE id = ?'. 
18:26:02.033 [main] INFO  My logger - –í—ã–ø–æ–ª–Ω–µ–Ω –∑–∞–ø—Ä–æ—Å SELECT_STUDY_GROUP_BY_ID. 
18:26:02.033 [main] INFO  My logger - –ó–∞–∫—Ä—ã—Ç SQL –∑–∞–ø—Ä–æ—Å 'SELECT * FROM flat WHERE id = 3'. 
18:26:02.033 [main] INFO  My logger - –ü–æ–¥–≥–æ—Ç–æ–≤–ª–µ–Ω SQL –∑–∞–ø—Ä–æ—Å 'SELECT * FROM coordinates WHERE id = ?'. 
18:26:02.038 [main] INFO  My logger - –í—ã–ø–æ–ª–Ω–µ–Ω –∑–∞–ø—Ä–æ—Å SELECT_COORDINATES_BY_ID. 
18:26:02.038 [main] INFO  My logger - –ó–∞–∫—Ä—ã—Ç SQL –∑–∞–ø—Ä–æ—Å 'SELECT * FROM coordinates WHERE id = 4'. 
18:26:02.039 [main] INFO  My logger - –ü–æ–¥–≥–æ—Ç–æ–≤–ª–µ–Ω SQL –∑–∞–ø—Ä–æ—Å 'SELECT * FROM flat WHERE id = ?'. 
18:26:02.043 [main] INFO  My logger - –í—ã–ø–æ–ª–Ω–µ–Ω –∑–∞–ø—Ä–æ—Å SELECT_STUDY_GROUP_BY_ID. 
18:26:02.044 [main] INFO  My logger - –ó–∞–∫—Ä—ã—Ç SQL –∑–∞–ø—Ä–æ—Å 'SELECT * FROM flat WHERE id = 3'. 
18:26:02.045 [main] INFO  My logger - –ü–æ–¥–≥–æ—Ç–æ–≤–ª–µ–Ω SQL –∑–∞–ø—Ä–æ—Å 'SELECT * FROM house WHERE id = ?'. 
18:26:02.059 [main] INFO  My logger - –í—ã–ø–æ–ª–Ω–µ–Ω –∑–∞–ø—Ä–æ—Å SELECT_HOUSE_BY_ID. 
18:26:02.060 [main] INFO  My logger - –ó–∞–∫—Ä—ã—Ç SQL –∑–∞–ø—Ä–æ—Å 'SELECT * FROM house WHERE id = 4'. 
18:26:02.061 [main] INFO  My logger - –ü–æ–¥–≥–æ—Ç–æ–≤–ª–µ–Ω SQL –∑–∞–ø—Ä–æ—Å 'SELECT * FROM users WHERE id = ?'. 
18:26:02.066 [main] INFO  My logger - –í—ã–ø–æ–ª–Ω–µ–Ω –∑–∞–ø—Ä–æ—Å SELECT_USER_BY_ID. 
18:26:02.066 [main] INFO  My logger - –ó–∞–∫—Ä—ã—Ç SQL –∑–∞–ø—Ä–æ—Å 'SELECT * FROM users WHERE id = 1'. 
18:26:02.066 [main] INFO  My logger - –ó–∞–∫—Ä—ã—Ç SQL –∑–∞–ø—Ä–æ—Å 'SELECT * FROM flat'. 
18:26:02.082 [main] INFO  My logger - –û—Ç–∫—Ä—ã–≤–∞—é —Å–æ–∫–µ—Ç 
18:26:02.095 [main] INFO  My logger - –°–æ–∫–µ—Ç –æ—Ç–∫—Ä—ã—Ç 
18:26:02.096 [main] INFO  My logger - –û–∂–∏–¥–∞—é –≤—Ö–æ–¥—è—â–µ–µ —Å–æ–æ–±—â–µ–Ω–∏–µ 
18:26:32.339 [main] INFO  My logger - –û–∂–∏–¥–∞—é –≤—Ö–æ–¥—è—â–µ–µ —Å–æ–æ–±—â–µ–Ω–∏–µ 
18:26:32.341 [Thread-5] INFO  My logger - –ü–æ–¥–≥–æ—Ç–æ–≤–ª–µ–Ω SQL –∑–∞–ø—Ä–æ—Å 'SELECT * FROM users WHERE username = ? AND password = ?'. 
18:26:32.351 [Thread-5] INFO  My logger - –í—ã–ø–æ–ª–Ω–µ–Ω –∑–∞–ø—Ä–æ—Å SELECT_USER_BY_USERNAME_AND_PASSWORD: true 
18:26:32.352 [Thread-5] INFO  My logger - –ó–∞–∫—Ä—ã—Ç SQL –∑–∞–ø—Ä–æ—Å 'SELECT * FROM users WHERE username = 'admin' AND password = '81dc9bdb52d04dc20036dbd8313ed055''. 
18:26:32.354 [Thread-6] INFO  My logger - –ù–∞—á–∏–Ω–∞—é –æ—Ç–ø—Ä–∞–≤–∫—É –æ—Ç–≤–µ—Ç–∞ 
18:26:32.354 [Thread-6] INFO  My logger - –ù–∞—á–∏–Ω–∞—é —Å–µ—Ä–∏–∞–ª–∏–∑–∞—Ü–∏—é 
18:26:32.360 [Thread-6] INFO  My logger - –°–µ—Ä–µ–∞–ª–∏–∑–∏—Ä–æ–≤–∞–ª 
18:26:32.361 [Thread-6] INFO  My logger - –û—Ç–ø—Ä–∞–≤–ª–µ–Ω–æ 
18:26:34.191 [main] INFO  My logger - –û–∂–∏–¥–∞—é –≤—Ö–æ–¥—è—â–µ–µ —Å–æ–æ–±—â–µ–Ω–∏–µ 
18:26:34.192 [Thread-7] INFO  My logger - –ü–æ–¥–≥–æ—Ç–æ–≤–ª–µ–Ω SQL –∑–∞–ø—Ä–æ—Å 'SELECT * FROM users WHERE username = ? AND password = ?'. 
18:26:34.206 [Thread-7] INFO  My logger - –í—ã–ø–æ–ª–Ω–µ–Ω –∑–∞–ø—Ä–æ—Å SELECT_USER_BY_USERNAME_AND_PASSWORD: true 
18:26:34.209 [Thread-7] INFO  My logger - –ó–∞–∫—Ä—ã—Ç SQL –∑–∞–ø—Ä–æ—Å 'SELECT * FROM users WHERE username = 'admin' AND password = '81dc9bdb52d04dc20036dbd8313ed055''. 
18:26:34.215 [Thread-7] INFO  My logger - ¬˚Á˚‚‡ÂÚÒˇ ÍÓÏ‡Ì‰‡ get_collection 
18:26:34.217 [Thread-7] INFO  My logger - –ü–æ–ª—å–∑–æ–≤–∞—Ç–µ–ª—å –∑–∞–ø—Ä–æ—Å–∏–ª –≤—Å—é –∫–æ–ª–ª–µ–∫—Ü–∏—é 
18:26:34.234 [Thread-8] INFO  My logger - –ù–∞—á–∏–Ω–∞—é –æ—Ç–ø—Ä–∞–≤–∫—É –æ—Ç–≤–µ—Ç–∞ 
18:26:34.236 [Thread-8] INFO  My logger - –ù–∞—á–∏–Ω–∞—é —Å–µ—Ä–∏–∞–ª–∏–∑–∞—Ü–∏—é 
18:26:34.272 [Thread-8] INFO  My logger - –û—Ç–ø—Ä–∞–≤–ª—è—é –æ–±—ä–µ–∫—Ç 
18:26:34.273 [Thread-8] INFO  My logger - –°–µ—Ä–µ–∞–ª–∏–∑–∏—Ä–æ–≤–∞–ª 
18:26:34.273 [Thread-8] INFO  My logger - –û—Ç–ø—Ä–∞–≤–ª–µ–Ω–æ 
18:28:10.882 [main] INFO  My logger - –û–∂–∏–¥–∞—é –≤—Ö–æ–¥—è—â–µ–µ —Å–æ–æ–±—â–µ–Ω–∏–µ 
18:28:10.883 [Thread-9] INFO  My logger - –ü–æ–¥–≥–æ—Ç–æ–≤–ª–µ–Ω SQL –∑–∞–ø—Ä–æ—Å 'SELECT * FROM users WHERE username = ? AND password = ?'. 
18:28:10.896 [Thread-9] INFO  My logger - –í—ã–ø–æ–ª–Ω–µ–Ω –∑–∞–ø—Ä–æ—Å SELECT_USER_BY_USERNAME_AND_PASSWORD: true 
18:28:10.900 [Thread-9] INFO  My logger - –ó–∞–∫—Ä—ã—Ç SQL –∑–∞–ø—Ä–æ—Å 'SELECT * FROM users WHERE username = 'admin' AND password = '81dc9bdb52d04dc20036dbd8313ed055''. 
18:28:10.901 [Thread-9] INFO  My logger - ¬˚Á˚‚‡ÂÚÒˇ ÍÓÏ‡Ì‰‡ show 
18:28:10.954 [Thread-10] INFO  My logger - –ù–∞—á–∏–Ω–∞—é –æ—Ç–ø—Ä–∞–≤–∫—É –æ—Ç–≤–µ—Ç–∞ 
18:28:10.954 [Thread-10] INFO  My logger - –ù–∞—á–∏–Ω–∞—é —Å–µ—Ä–∏–∞–ª–∏–∑–∞—Ü–∏—é 
18:28:10.955 [Thread-10] INFO  My logger - –°–µ—Ä–µ–∞–ª–∏–∑–∏—Ä–æ–≤–∞–ª 
18:28:10.955 [Thread-10] INFO  My logger - –û—Ç–ø—Ä–∞–≤–ª–µ–Ω–æ 
18:28:21.358 [main] INFO  My logger - –û–∂–∏–¥–∞—é –≤—Ö–æ–¥—è—â–µ–µ —Å–æ–æ–±—â–µ–Ω–∏–µ 
18:28:21.371 [Thread-11] INFO  My logger - –ü–æ–¥–≥–æ—Ç–æ–≤–ª–µ–Ω SQL –∑–∞–ø—Ä–æ—Å 'SELECT * FROM users WHERE username = ? AND password = ?'. 
18:28:21.391 [Thread-11] INFO  My logger - –í—ã–ø–æ–ª–Ω–µ–Ω –∑–∞–ø—Ä–æ—Å SELECT_USER_BY_USERNAME_AND_PASSWORD: true 
18:28:21.392 [Thread-11] INFO  My logger - –ó–∞–∫—Ä—ã—Ç SQL –∑–∞–ø—Ä–æ—Å 'SELECT * FROM users WHERE username = 'admin' AND password = '81dc9bdb52d04dc20036dbd8313ed055''. 
18:28:21.392 [Thread-11] INFO  My logger - ¬˚Á˚‚‡ÂÚÒˇ ÍÓÏ‡Ì‰‡ get_collection 
18:28:21.392 [Thread-11] INFO  My logger - –ü–æ–ª—å–∑–æ–≤–∞—Ç–µ–ª—å –∑–∞–ø—Ä–æ—Å–∏–ª –≤—Å—é –∫–æ–ª–ª–µ–∫—Ü–∏—é 
18:28:21.395 [Thread-12] INFO  My logger - –ù–∞—á–∏–Ω–∞—é –æ—Ç–ø—Ä–∞–≤–∫—É –æ—Ç–≤–µ—Ç–∞ 
18:28:21.396 [Thread-12] INFO  My logger - –ù–∞—á–∏–Ω–∞—é —Å–µ—Ä–∏–∞–ª–∏–∑–∞—Ü–∏—é 
18:28:21.398 [Thread-12] INFO  My logger - –û—Ç–ø—Ä–∞–≤–ª—è—é –æ–±—ä–µ–∫—Ç 
18:28:21.399 [Thread-12] INFO  My logger - –°–µ—Ä–µ–∞–ª–∏–∑–∏—Ä–æ–≤–∞–ª 
18:28:21.400 [Thread-12] INFO  My logger - –û—Ç–ø—Ä–∞–≤–ª–µ–Ω–æ 
